{"/nas/Temp/repos/Atheon-Scanner/web-app/src/App.jsx": {"path":"/nas/Temp/repos/Atheon-Scanner/web-app/src/App.jsx","statementMap":{"0":{"start":{"line":11,"column":2},"end":{"line":23,"column":3}}},"fnMap":{"0":{"name":"App","decl":{"start":{"line":10,"column":9},"end":{"line":10,"column":12}},"loc":{"start":{"line":10,"column":15},"end":{"line":24,"column":1}},"line":10}},"branchMap":{},"s":{"0":0},"f":{"0":0},"b":{}}
,"/nas/Temp/repos/Atheon-Scanner/web-app/src/components/Charts.jsx": {"path":"/nas/Temp/repos/Atheon-Scanner/web-app/src/components/Charts.jsx","statementMap":{"0":{"start":{"line":5,"column":20},"end":{"line":5,"column":32}},"1":{"start":{"line":6,"column":46},"end":{"line":6,"column":60}},"2":{"start":{"line":7,"column":52},"end":{"line":7,"column":63}},"3":{"start":{"line":9,"column":2},"end":{"line":30,"column":29}},"4":{"start":{"line":10,"column":4},"end":{"line":10,"column":44}},"5":{"start":{"line":10,"column":37},"end":{"line":10,"column":44}},"6":{"start":{"line":12,"column":19},"end":{"line":12,"column":36}},"7":{"start":{"line":13,"column":16},"end":{"line":13,"column":39}},"8":{"start":{"line":16,"column":19},"end":{"line":16,"column":20}},"9":{"start":{"line":17,"column":20},"end":{"line":27,"column":5}},"10":{"start":{"line":18,"column":6},"end":{"line":18,"column":23}},"11":{"start":{"line":19,"column":6},"end":{"line":19,"column":37}},"12":{"start":{"line":19,"column":24},"end":{"line":19,"column":37}},"13":{"start":{"line":21,"column":6},"end":{"line":21,"column":37}},"14":{"start":{"line":22,"column":6},"end":{"line":22,"column":53}},"15":{"start":{"line":24,"column":6},"end":{"line":26,"column":7}},"16":{"start":{"line":25,"column":8},"end":{"line":25,"column":39}},"17":{"start":{"line":29,"column":4},"end":{"line":29,"column":14}},"18":{"start":{"line":32,"column":20},"end":{"line":157,"column":3}},"19":{"start":{"line":33,"column":4},"end":{"line":33,"column":21}},"20":{"start":{"line":33,"column":14},"end":{"line":33,"column":21}},"21":{"start":{"line":35,"column":20},"end":{"line":35,"column":28}},"22":{"start":{"line":36,"column":20},"end":{"line":36,"column":28}},"23":{"start":{"line":37,"column":19},"end":{"line":37,"column":34}},"24":{"start":{"line":40,"column":4},"end":{"line":40,"column":36}},"25":{"start":{"line":43,"column":20},"end":{"line":43,"column":37}},"26":{"start":{"line":44,"column":19},"end":{"line":44,"column":38}},"27":{"start":{"line":45,"column":21},"end":{"line":45,"column":45}},"28":{"start":{"line":48,"column":23},"end":{"line":48,"column":24}},"29":{"start":{"line":49,"column":4},"end":{"line":68,"column":5}},"30":{"start":{"line":49,"column":21},"end":{"line":49,"column":22}},"31":{"start":{"line":50,"column":26},"end":{"line":50,"column":55}},"32":{"start":{"line":52,"column":6},"end":{"line":52,"column":22}},"33":{"start":{"line":53,"column":6},"end":{"line":63,"column":9}},"34":{"start":{"line":54,"column":22},"end":{"line":54,"column":70}},"35":{"start":{"line":55,"column":18},"end":{"line":55,"column":57}},"36":{"start":{"line":56,"column":18},"end":{"line":56,"column":57}},"37":{"start":{"line":58,"column":8},"end":{"line":62,"column":9}},"38":{"start":{"line":59,"column":10},"end":{"line":59,"column":27}},"39":{"start":{"line":61,"column":10},"end":{"line":61,"column":27}},"40":{"start":{"line":64,"column":6},"end":{"line":64,"column":22}},"41":{"start":{"line":65,"column":6},"end":{"line":65,"column":51}},"42":{"start":{"line":66,"column":6},"end":{"line":66,"column":24}},"43":{"start":{"line":67,"column":6},"end":{"line":67,"column":19}},"44":{"start":{"line":71,"column":4},"end":{"line":82,"column":7}},"45":{"start":{"line":72,"column":20},"end":{"line":72,"column":68}},"46":{"start":{"line":73,"column":16},"end":{"line":73,"column":50}},"47":{"start":{"line":74,"column":16},"end":{"line":74,"column":50}},"48":{"start":{"line":76,"column":6},"end":{"line":76,"column":22}},"49":{"start":{"line":77,"column":6},"end":{"line":77,"column":35}},"50":{"start":{"line":78,"column":6},"end":{"line":78,"column":23}},"51":{"start":{"line":79,"column":6},"end":{"line":79,"column":51}},"52":{"start":{"line":80,"column":6},"end":{"line":80,"column":24}},"53":{"start":{"line":81,"column":6},"end":{"line":81,"column":19}},"54":{"start":{"line":85,"column":4},"end":{"line":85,"column":20}},"55":{"start":{"line":86,"column":4},"end":{"line":98,"column":7}},"56":{"start":{"line":87,"column":20},"end":{"line":87,"column":68}},"57":{"start":{"line":88,"column":30},"end":{"line":88,"column":63}},"58":{"start":{"line":89,"column":25},"end":{"line":89,"column":49}},"59":{"start":{"line":90,"column":16},"end":{"line":90,"column":54}},"60":{"start":{"line":91,"column":16},"end":{"line":91,"column":54}},"61":{"start":{"line":93,"column":6},"end":{"line":97,"column":7}},"62":{"start":{"line":94,"column":8},"end":{"line":94,"column":25}},"63":{"start":{"line":96,"column":8},"end":{"line":96,"column":25}},"64":{"start":{"line":99,"column":4},"end":{"line":99,"column":20}},"65":{"start":{"line":102,"column":21},"end":{"line":102,"column":92}},"66":{"start":{"line":103,"column":4},"end":{"line":103,"column":55}},"67":{"start":{"line":104,"column":4},"end":{"line":104,"column":57}},"68":{"start":{"line":105,"column":4},"end":{"line":105,"column":55}},"69":{"start":{"line":106,"column":4},"end":{"line":106,"column":29}},"70":{"start":{"line":107,"column":4},"end":{"line":107,"column":15}},"71":{"start":{"line":110,"column":4},"end":{"line":110,"column":47}},"72":{"start":{"line":111,"column":4},"end":{"line":111,"column":22}},"73":{"start":{"line":112,"column":4},"end":{"line":112,"column":17}},"74":{"start":{"line":115,"column":4},"end":{"line":142,"column":7}},"75":{"start":{"line":116,"column":20},"end":{"line":116,"column":68}},"76":{"start":{"line":117,"column":30},"end":{"line":117,"column":63}},"77":{"start":{"line":118,"column":25},"end":{"line":118,"column":49}},"78":{"start":{"line":119,"column":16},"end":{"line":119,"column":54}},"79":{"start":{"line":120,"column":16},"end":{"line":120,"column":54}},"80":{"start":{"line":122,"column":26},"end":{"line":122,"column":52}},"81":{"start":{"line":123,"column":6},"end":{"line":123,"column":22}},"82":{"start":{"line":124,"column":6},"end":{"line":124,"column":49}},"83":{"start":{"line":126,"column":25},"end":{"line":126,"column":49}},"84":{"start":{"line":127,"column":6},"end":{"line":127,"column":33}},"85":{"start":{"line":128,"column":6},"end":{"line":128,"column":17}},"86":{"start":{"line":130,"column":6},"end":{"line":130,"column":51}},"87":{"start":{"line":131,"column":6},"end":{"line":131,"column":24}},"88":{"start":{"line":132,"column":6},"end":{"line":132,"column":19}},"89":{"start":{"line":135,"column":6},"end":{"line":141,"column":7}},"90":{"start":{"line":136,"column":8},"end":{"line":136,"column":73}},"91":{"start":{"line":137,"column":8},"end":{"line":137,"column":51}},"92":{"start":{"line":138,"column":8},"end":{"line":138,"column":33}},"93":{"start":{"line":139,"column":8},"end":{"line":139,"column":36}},"94":{"start":{"line":140,"column":8},"end":{"line":140,"column":54}},"95":{"start":{"line":145,"column":4},"end":{"line":156,"column":7}},"96":{"start":{"line":146,"column":20},"end":{"line":146,"column":68}},"97":{"start":{"line":147,"column":26},"end":{"line":147,"column":37}},"98":{"start":{"line":148,"column":16},"end":{"line":148,"column":55}},"99":{"start":{"line":149,"column":16},"end":{"line":149,"column":55}},"100":{"start":{"line":151,"column":6},"end":{"line":151,"column":71}},"101":{"start":{"line":152,"column":6},"end":{"line":152,"column":82}},"102":{"start":{"line":153,"column":6},"end":{"line":153,"column":31}},"103":{"start":{"line":154,"column":6},"end":{"line":154,"column":34}},"104":{"start":{"line":155,"column":6},"end":{"line":155,"column":33}},"105":{"start":{"line":159,"column":26},"end":{"line":186,"column":3}},"106":{"start":{"line":160,"column":4},"end":{"line":160,"column":35}},"107":{"start":{"line":160,"column":28},"end":{"line":160,"column":35}},"108":{"start":{"line":162,"column":17},"end":{"line":162,"column":58}},"109":{"start":{"line":163,"column":14},"end":{"line":163,"column":35}},"110":{"start":{"line":164,"column":14},"end":{"line":164,"column":34}},"111":{"start":{"line":166,"column":20},"end":{"line":166,"column":28}},"112":{"start":{"line":167,"column":20},"end":{"line":167,"column":28}},"113":{"start":{"line":169,"column":20},"end":{"line":169,"column":37}},"114":{"start":{"line":170,"column":24},"end":{"line":170,"column":28}},"115":{"start":{"line":171,"column":22},"end":{"line":171,"column":30}},"116":{"start":{"line":173,"column":4},"end":{"line":183,"column":7}},"117":{"start":{"line":174,"column":20},"end":{"line":174,"column":68}},"118":{"start":{"line":175,"column":21},"end":{"line":175,"column":66}},"119":{"start":{"line":176,"column":21},"end":{"line":176,"column":66}},"120":{"start":{"line":178,"column":23},"end":{"line":178,"column":83}},"121":{"start":{"line":179,"column":6},"end":{"line":182,"column":7}},"122":{"start":{"line":180,"column":8},"end":{"line":180,"column":31}},"123":{"start":{"line":181,"column":8},"end":{"line":181,"column":31}},"124":{"start":{"line":185,"column":4},"end":{"line":185,"column":37}},"125":{"start":{"line":188,"column":27},"end":{"line":190,"column":3}},"126":{"start":{"line":189,"column":4},"end":{"line":189,"column":28}},"127":{"start":{"line":192,"column":24},"end":{"line":197,"column":3}},"128":{"start":{"line":193,"column":4},"end":{"line":193,"column":38}},"129":{"start":{"line":193,"column":21},"end":{"line":193,"column":38}},"130":{"start":{"line":194,"column":4},"end":{"line":194,"column":38}},"131":{"start":{"line":194,"column":21},"end":{"line":194,"column":38}},"132":{"start":{"line":195,"column":4},"end":{"line":195,"column":38}},"133":{"start":{"line":195,"column":21},"end":{"line":195,"column":38}},"134":{"start":{"line":196,"column":4},"end":{"line":196,"column":21}},"135":{"start":{"line":199,"column":2},"end":{"line":231,"column":4}},"136":{"start":{"line":221,"column":10},"end":{"line":227,"column":16}},"137":{"start":{"line":236,"column":19},"end":{"line":236,"column":54}},"138":{"start":{"line":238,"column":22},"end":{"line":244,"column":3}},"139":{"start":{"line":239,"column":23},"end":{"line":239,"column":47}},"140":{"start":{"line":240,"column":4},"end":{"line":240,"column":65}},"141":{"start":{"line":240,"column":26},"end":{"line":240,"column":65}},"142":{"start":{"line":241,"column":4},"end":{"line":241,"column":61}},"143":{"start":{"line":241,"column":26},"end":{"line":241,"column":61}},"144":{"start":{"line":242,"column":4},"end":{"line":242,"column":65}},"145":{"start":{"line":242,"column":26},"end":{"line":242,"column":65}},"146":{"start":{"line":243,"column":4},"end":{"line":243,"column":38}},"147":{"start":{"line":246,"column":2},"end":{"line":266,"column":4}},"148":{"start":{"line":251,"column":10},"end":{"line":262,"column":16}},"149":{"start":{"line":271,"column":46},"end":{"line":271,"column":60}},"150":{"start":{"line":272,"column":34},"end":{"line":272,"column":45}},"151":{"start":{"line":274,"column":20},"end":{"line":278,"column":5}},"152":{"start":{"line":274,"column":64},"end":{"line":274,"column":73}},"153":{"start":{"line":274,"column":98},"end":{"line":278,"column":3}},"154":{"start":{"line":277,"column":62},"end":{"line":277,"column":67}},"155":{"start":{"line":280,"column":17},"end":{"line":287,"column":3}},"156":{"start":{"line":289,"column":19},"end":{"line":289,"column":64}},"157":{"start":{"line":289,"column":30},"end":{"line":289,"column":64}},"158":{"start":{"line":291,"column":16},"end":{"line":291,"column":68}},"159":{"start":{"line":291,"column":48},"end":{"line":291,"column":64}},"160":{"start":{"line":294,"column":2},"end":{"line":321,"column":3}},"161":{"start":{"line":295,"column":4},"end":{"line":320,"column":6}},"162":{"start":{"line":323,"column":2},"end":{"line":422,"column":4}},"163":{"start":{"line":340,"column":31},"end":{"line":340,"column":39}},"164":{"start":{"line":341,"column":33},"end":{"line":341,"column":62}},"165":{"start":{"line":342,"column":29},"end":{"line":342,"column":54}},"166":{"start":{"line":344,"column":23},"end":{"line":344,"column":97}},"167":{"start":{"line":345,"column":23},"end":{"line":345,"column":97}},"168":{"start":{"line":346,"column":23},"end":{"line":346,"column":95}},"169":{"start":{"line":347,"column":23},"end":{"line":347,"column":95}},"170":{"start":{"line":349,"column":33},"end":{"line":349,"column":59}},"171":{"start":{"line":351,"column":12},"end":{"line":370,"column":14}},"172":{"start":{"line":353,"column":36},"end":{"line":353,"column":68}},"173":{"start":{"line":354,"column":36},"end":{"line":354,"column":59}},"174":{"start":{"line":396,"column":96},"end":{"line":396,"column":122}},"175":{"start":{"line":406,"column":10},"end":{"line":418,"column":16}},"176":{"start":{"line":409,"column":32},"end":{"line":409,"column":64}},"177":{"start":{"line":410,"column":32},"end":{"line":410,"column":55}},"178":{"start":{"line":427,"column":2},"end":{"line":427,"column":36}},"179":{"start":{"line":427,"column":19},"end":{"line":427,"column":36}},"180":{"start":{"line":428,"column":2},"end":{"line":428,"column":36}},"181":{"start":{"line":428,"column":19},"end":{"line":428,"column":36}},"182":{"start":{"line":429,"column":2},"end":{"line":429,"column":36}},"183":{"start":{"line":429,"column":19},"end":{"line":429,"column":36}},"184":{"start":{"line":430,"column":2},"end":{"line":430,"column":19}}},"fnMap":{"0":{"name":"SpiderChart","decl":{"start":{"line":4,"column":24},"end":{"line":4,"column":35}},"loc":{"start":{"line":4,"column":87},"end":{"line":232,"column":1}},"line":4},"1":{"name":"(anonymous_1)","decl":{"start":{"line":9,"column":12},"end":{"line":9,"column":13}},"loc":{"start":{"line":9,"column":18},"end":{"line":30,"column":3}},"line":9},"2":{"name":"(anonymous_2)","decl":{"start":{"line":17,"column":20},"end":{"line":17,"column":21}},"loc":{"start":{"line":17,"column":26},"end":{"line":27,"column":5}},"line":17},"3":{"name":"(anonymous_3)","decl":{"start":{"line":32,"column":20},"end":{"line":32,"column":21}},"loc":{"start":{"line":32,"column":54},"end":{"line":157,"column":3}},"line":32},"4":{"name":"(anonymous_4)","decl":{"start":{"line":53,"column":22},"end":{"line":53,"column":23}},"loc":{"start":{"line":53,"column":32},"end":{"line":63,"column":7}},"line":53},"5":{"name":"(anonymous_5)","decl":{"start":{"line":71,"column":20},"end":{"line":71,"column":21}},"loc":{"start":{"line":71,"column":35},"end":{"line":82,"column":5}},"line":71},"6":{"name":"(anonymous_6)","decl":{"start":{"line":86,"column":20},"end":{"line":86,"column":21}},"loc":{"start":{"line":86,"column":35},"end":{"line":98,"column":5}},"line":86},"7":{"name":"(anonymous_7)","decl":{"start":{"line":115,"column":20},"end":{"line":115,"column":21}},"loc":{"start":{"line":115,"column":35},"end":{"line":142,"column":5}},"line":115},"8":{"name":"(anonymous_8)","decl":{"start":{"line":145,"column":20},"end":{"line":145,"column":21}},"loc":{"start":{"line":145,"column":35},"end":{"line":156,"column":5}},"line":145},"9":{"name":"(anonymous_9)","decl":{"start":{"line":159,"column":26},"end":{"line":159,"column":27}},"loc":{"start":{"line":159,"column":33},"end":{"line":186,"column":3}},"line":159},"10":{"name":"(anonymous_10)","decl":{"start":{"line":173,"column":20},"end":{"line":173,"column":21}},"loc":{"start":{"line":173,"column":35},"end":{"line":183,"column":5}},"line":173},"11":{"name":"(anonymous_11)","decl":{"start":{"line":188,"column":27},"end":{"line":188,"column":28}},"loc":{"start":{"line":188,"column":33},"end":{"line":190,"column":3}},"line":188},"12":{"name":"(anonymous_12)","decl":{"start":{"line":192,"column":24},"end":{"line":192,"column":25}},"loc":{"start":{"line":192,"column":35},"end":{"line":197,"column":3}},"line":192},"13":{"name":"(anonymous_13)","decl":{"start":{"line":220,"column":34},"end":{"line":220,"column":35}},"loc":{"start":{"line":221,"column":10},"end":{"line":227,"column":16}},"line":221},"14":{"name":"BarChart","decl":{"start":{"line":235,"column":16},"end":{"line":235,"column":24}},"loc":{"start":{"line":235,"column":63},"end":{"line":267,"column":1}},"line":235},"15":{"name":"(anonymous_15)","decl":{"start":{"line":238,"column":22},"end":{"line":238,"column":23}},"loc":{"start":{"line":238,"column":33},"end":{"line":244,"column":3}},"line":238},"16":{"name":"(anonymous_16)","decl":{"start":{"line":250,"column":34},"end":{"line":250,"column":35}},"loc":{"start":{"line":251,"column":10},"end":{"line":262,"column":16}},"line":251},"17":{"name":"DonutChart","decl":{"start":{"line":270,"column":16},"end":{"line":270,"column":26}},"loc":{"start":{"line":270,"column":82},"end":{"line":423,"column":1}},"line":270},"18":{"name":"(anonymous_18)","decl":{"start":{"line":274,"column":48},"end":{"line":274,"column":49}},"loc":{"start":{"line":274,"column":64},"end":{"line":274,"column":73}},"line":274},"19":{"name":"(anonymous_19)","decl":{"start":{"line":274,"column":79},"end":{"line":274,"column":80}},"loc":{"start":{"line":274,"column":98},"end":{"line":278,"column":3}},"line":274},"20":{"name":"(anonymous_20)","decl":{"start":{"line":277,"column":52},"end":{"line":277,"column":53}},"loc":{"start":{"line":277,"column":62},"end":{"line":277,"column":67}},"line":277},"21":{"name":"(anonymous_21)","decl":{"start":{"line":289,"column":19},"end":{"line":289,"column":20}},"loc":{"start":{"line":289,"column":30},"end":{"line":289,"column":64}},"line":289},"22":{"name":"(anonymous_22)","decl":{"start":{"line":291,"column":33},"end":{"line":291,"column":34}},"loc":{"start":{"line":291,"column":48},"end":{"line":291,"column":64}},"line":291},"23":{"name":"(anonymous_23)","decl":{"start":{"line":339,"column":25},"end":{"line":339,"column":26}},"loc":{"start":{"line":339,"column":45},"end":{"line":371,"column":11}},"line":339},"24":{"name":"(anonymous_24)","decl":{"start":{"line":353,"column":30},"end":{"line":353,"column":31}},"loc":{"start":{"line":353,"column":36},"end":{"line":353,"column":68}},"line":353},"25":{"name":"(anonymous_25)","decl":{"start":{"line":354,"column":30},"end":{"line":354,"column":31}},"loc":{"start":{"line":354,"column":36},"end":{"line":354,"column":59}},"line":354},"26":{"name":"(anonymous_26)","decl":{"start":{"line":396,"column":91},"end":{"line":396,"column":92}},"loc":{"start":{"line":396,"column":96},"end":{"line":396,"column":122}},"line":396},"27":{"name":"(anonymous_27)","decl":{"start":{"line":405,"column":23},"end":{"line":405,"column":24}},"loc":{"start":{"line":406,"column":10},"end":{"line":418,"column":16}},"line":406},"28":{"name":"(anonymous_28)","decl":{"start":{"line":409,"column":26},"end":{"line":409,"column":27}},"loc":{"start":{"line":409,"column":32},"end":{"line":409,"column":64}},"line":409},"29":{"name":"(anonymous_29)","decl":{"start":{"line":410,"column":26},"end":{"line":410,"column":27}},"loc":{"start":{"line":410,"column":32},"end":{"line":410,"column":55}},"line":410},"30":{"name":"getValueColor","decl":{"start":{"line":426,"column":9},"end":{"line":426,"column":22}},"loc":{"start":{"line":426,"column":30},"end":{"line":431,"column":1}},"line":426}},"branchMap":{"0":{"loc":{"start":{"line":4,"column":44},"end":{"line":4,"column":54}},"type":"default-arg","locations":[{"start":{"line":4,"column":51},"end":{"line":4,"column":54}}],"line":4},"1":{"loc":{"start":{"line":4,"column":56},"end":{"line":4,"column":83}},"type":"default-arg","locations":[{"start":{"line":4,"column":64},"end":{"line":4,"column":83}}],"line":4},"2":{"loc":{"start":{"line":10,"column":4},"end":{"line":10,"column":44}},"type":"if","locations":[{"start":{"line":10,"column":4},"end":{"line":10,"column":44}},{"start":{},"end":{}}],"line":10},"3":{"loc":{"start":{"line":10,"column":8},"end":{"line":10,"column":35}},"type":"binary-expr","locations":[{"start":{"line":10,"column":8},"end":{"line":10,"column":26}},{"start":{"line":10,"column":30},"end":{"line":10,"column":35}}],"line":10},"4":{"loc":{"start":{"line":19,"column":6},"end":{"line":19,"column":37}},"type":"if","locations":[{"start":{"line":19,"column":6},"end":{"line":19,"column":37}},{"start":{},"end":{}}],"line":19},"5":{"loc":{"start":{"line":24,"column":6},"end":{"line":26,"column":7}},"type":"if","locations":[{"start":{"line":24,"column":6},"end":{"line":26,"column":7}},{"start":{},"end":{}}],"line":24},"6":{"loc":{"start":{"line":33,"column":4},"end":{"line":33,"column":21}},"type":"if","locations":[{"start":{"line":33,"column":4},"end":{"line":33,"column":21}},{"start":{},"end":{}}],"line":33},"7":{"loc":{"start":{"line":58,"column":8},"end":{"line":62,"column":9}},"type":"if","locations":[{"start":{"line":58,"column":8},"end":{"line":62,"column":9}},{"start":{"line":60,"column":15},"end":{"line":62,"column":9}}],"line":58},"8":{"loc":{"start":{"line":93,"column":6},"end":{"line":97,"column":7}},"type":"if","locations":[{"start":{"line":93,"column":6},"end":{"line":97,"column":7}},{"start":{"line":95,"column":13},"end":{"line":97,"column":7}}],"line":93},"9":{"loc":{"start":{"line":122,"column":26},"end":{"line":122,"column":52}},"type":"cond-expr","locations":[{"start":{"line":122,"column":47},"end":{"line":122,"column":48}},{"start":{"line":122,"column":51},"end":{"line":122,"column":52}}],"line":122},"10":{"loc":{"start":{"line":135,"column":6},"end":{"line":141,"column":7}},"type":"if","locations":[{"start":{"line":135,"column":6},"end":{"line":141,"column":7}},{"start":{},"end":{}}],"line":135},"11":{"loc":{"start":{"line":135,"column":10},"end":{"line":135,"column":46}},"type":"binary-expr","locations":[{"start":{"line":135,"column":10},"end":{"line":135,"column":28}},{"start":{"line":135,"column":32},"end":{"line":135,"column":46}}],"line":135},"12":{"loc":{"start":{"line":136,"column":22},"end":{"line":136,"column":55}},"type":"cond-expr","locations":[{"start":{"line":136,"column":43},"end":{"line":136,"column":50}},{"start":{"line":136,"column":53},"end":{"line":136,"column":55}}],"line":136},"13":{"loc":{"start":{"line":151,"column":20},"end":{"line":151,"column":53}},"type":"cond-expr","locations":[{"start":{"line":151,"column":41},"end":{"line":151,"column":48}},{"start":{"line":151,"column":51},"end":{"line":151,"column":53}}],"line":151},"14":{"loc":{"start":{"line":152,"column":22},"end":{"line":152,"column":81}},"type":"cond-expr","locations":[{"start":{"line":152,"column":43},"end":{"line":152,"column":52}},{"start":{"line":152,"column":55},"end":{"line":152,"column":81}}],"line":152},"15":{"loc":{"start":{"line":160,"column":4},"end":{"line":160,"column":35}},"type":"if","locations":[{"start":{"line":160,"column":4},"end":{"line":160,"column":35}},{"start":{},"end":{}}],"line":160},"16":{"loc":{"start":{"line":179,"column":6},"end":{"line":182,"column":7}},"type":"if","locations":[{"start":{"line":179,"column":6},"end":{"line":182,"column":7}},{"start":{},"end":{}}],"line":179},"17":{"loc":{"start":{"line":179,"column":10},"end":{"line":179,"column":49}},"type":"binary-expr","locations":[{"start":{"line":179,"column":10},"end":{"line":179,"column":32}},{"start":{"line":179,"column":36},"end":{"line":179,"column":49}}],"line":179},"18":{"loc":{"start":{"line":193,"column":4},"end":{"line":193,"column":38}},"type":"if","locations":[{"start":{"line":193,"column":4},"end":{"line":193,"column":38}},{"start":{},"end":{}}],"line":193},"19":{"loc":{"start":{"line":194,"column":4},"end":{"line":194,"column":38}},"type":"if","locations":[{"start":{"line":194,"column":4},"end":{"line":194,"column":38}},{"start":{},"end":{}}],"line":194},"20":{"loc":{"start":{"line":195,"column":4},"end":{"line":195,"column":38}},"type":"if","locations":[{"start":{"line":195,"column":4},"end":{"line":195,"column":38}},{"start":{},"end":{}}],"line":195},"21":{"loc":{"start":{"line":211,"column":9},"end":{"line":217,"column":9}},"type":"binary-expr","locations":[{"start":{"line":211,"column":9},"end":{"line":211,"column":23}},{"start":{"line":211,"column":27},"end":{"line":211,"column":61}},{"start":{"line":212,"column":10},"end":{"line":216,"column":16}}],"line":211},"22":{"loc":{"start":{"line":235,"column":33},"end":{"line":235,"column":59}},"type":"default-arg","locations":[{"start":{"line":235,"column":41},"end":{"line":235,"column":59}}],"line":235},"23":{"loc":{"start":{"line":240,"column":4},"end":{"line":240,"column":65}},"type":"if","locations":[{"start":{"line":240,"column":4},"end":{"line":240,"column":65}},{"start":{},"end":{}}],"line":240},"24":{"loc":{"start":{"line":241,"column":4},"end":{"line":241,"column":61}},"type":"if","locations":[{"start":{"line":241,"column":4},"end":{"line":241,"column":61}},{"start":{},"end":{}}],"line":241},"25":{"loc":{"start":{"line":242,"column":4},"end":{"line":242,"column":65}},"type":"if","locations":[{"start":{"line":242,"column":4},"end":{"line":242,"column":65}},{"start":{},"end":{}}],"line":242},"26":{"loc":{"start":{"line":270,"column":35},"end":{"line":270,"column":45}},"type":"default-arg","locations":[{"start":{"line":270,"column":42},"end":{"line":270,"column":45}}],"line":270},"27":{"loc":{"start":{"line":270,"column":47},"end":{"line":270,"column":78}},"type":"default-arg","locations":[{"start":{"line":270,"column":55},"end":{"line":270,"column":78}}],"line":270},"28":{"loc":{"start":{"line":289,"column":30},"end":{"line":289,"column":64}},"type":"binary-expr","locations":[{"start":{"line":289,"column":30},"end":{"line":289,"column":43}},{"start":{"line":289,"column":47},"end":{"line":289,"column":64}}],"line":289},"29":{"loc":{"start":{"line":294,"column":2},"end":{"line":321,"column":3}},"type":"if","locations":[{"start":{"line":294,"column":2},"end":{"line":321,"column":3}},{"start":{},"end":{}}],"line":294},"30":{"loc":{"start":{"line":305,"column":22},"end":{"line":305,"column":97}},"type":"cond-expr","locations":[{"start":{"line":305,"column":76},"end":{"line":305,"column":85}},{"start":{"line":305,"column":88},"end":{"line":305,"column":97}}],"line":305},"31":{"loc":{"start":{"line":334,"column":20},"end":{"line":334,"column":95}},"type":"cond-expr","locations":[{"start":{"line":334,"column":74},"end":{"line":334,"column":83}},{"start":{"line":334,"column":86},"end":{"line":334,"column":95}}],"line":334},"32":{"loc":{"start":{"line":349,"column":33},"end":{"line":349,"column":59}},"type":"cond-expr","locations":[{"start":{"line":349,"column":54},"end":{"line":349,"column":55}},{"start":{"line":349,"column":58},"end":{"line":349,"column":59}}],"line":349},"33":{"loc":{"start":{"line":360,"column":26},"end":{"line":360,"column":99}},"type":"cond-expr","locations":[{"start":{"line":360,"column":80},"end":{"line":360,"column":89}},{"start":{"line":360,"column":92},"end":{"line":360,"column":99}}],"line":360},"34":{"loc":{"start":{"line":363,"column":29},"end":{"line":363,"column":72}},"type":"cond-expr","locations":[{"start":{"line":363,"column":64},"end":{"line":363,"column":65}},{"start":{"line":363,"column":68},"end":{"line":363,"column":72}}],"line":363},"35":{"loc":{"start":{"line":364,"column":31},"end":{"line":364,"column":92}},"type":"cond-expr","locations":[{"start":{"line":364,"column":66},"end":{"line":364,"column":79}},{"start":{"line":364,"column":82},"end":{"line":364,"column":92}}],"line":364},"36":{"loc":{"start":{"line":392,"column":9},"end":{"line":400,"column":9}},"type":"binary-expr","locations":[{"start":{"line":392,"column":9},"end":{"line":392,"column":23}},{"start":{"line":393,"column":10},"end":{"line":399,"column":16}}],"line":392},"37":{"loc":{"start":{"line":427,"column":2},"end":{"line":427,"column":36}},"type":"if","locations":[{"start":{"line":427,"column":2},"end":{"line":427,"column":36}},{"start":{},"end":{}}],"line":427},"38":{"loc":{"start":{"line":428,"column":2},"end":{"line":428,"column":36}},"type":"if","locations":[{"start":{"line":428,"column":2},"end":{"line":428,"column":36}},{"start":{},"end":{}}],"line":428},"39":{"loc":{"start":{"line":429,"column":2},"end":{"line":429,"column":36}},"type":"if","locations":[{"start":{"line":429,"column":2},"end":{"line":429,"column":36}},{"start":{},"end":{}}],"line":429}},"s":{"0":0,"1":0,"2":0,"3":0,"4":0,"5":0,"6":0,"7":0,"8":0,"9":0,"10":0,"11":0,"12":0,"13":0,"14":0,"15":0,"16":0,"17":0,"18":0,"19":0,"20":0,"21":0,"22":0,"23":0,"24":0,"25":0,"26":0,"27":0,"28":0,"29":0,"30":0,"31":0,"32":0,"33":0,"34":0,"35":0,"36":0,"37":0,"38":0,"39":0,"40":0,"41":0,"42":0,"43":0,"44":0,"45":0,"46":0,"47":0,"48":0,"49":0,"50":0,"51":0,"52":0,"53":0,"54":0,"55":0,"56":0,"57":0,"58":0,"59":0,"60":0,"61":0,"62":0,"63":0,"64":0,"65":0,"66":0,"67":0,"68":0,"69":0,"70":0,"71":0,"72":0,"73":0,"74":0,"75":0,"76":0,"77":0,"78":0,"79":0,"80":0,"81":0,"82":0,"83":0,"84":0,"85":0,"86":0,"87":0,"88":0,"89":0,"90":0,"91":0,"92":0,"93":0,"94":0,"95":0,"96":0,"97":0,"98":0,"99":0,"100":0,"101":0,"102":0,"103":0,"104":0,"105":0,"106":0,"107":0,"108":0,"109":0,"110":0,"111":0,"112":0,"113":0,"114":0,"115":0,"116":0,"117":0,"118":0,"119":0,"120":0,"121":0,"122":0,"123":0,"124":0,"125":0,"126":0,"127":0,"128":0,"129":0,"130":0,"131":0,"132":0,"133":0,"134":0,"135":0,"136":0,"137":0,"138":0,"139":0,"140":0,"141":0,"142":0,"143":0,"144":0,"145":0,"146":0,"147":0,"148":0,"149":0,"150":0,"151":0,"152":0,"153":0,"154":0,"155":0,"156":0,"157":0,"158":0,"159":0,"160":0,"161":0,"162":0,"163":0,"164":0,"165":0,"166":0,"167":0,"168":0,"169":0,"170":0,"171":0,"172":0,"173":0,"174":0,"175":0,"176":0,"177":0,"178":0,"179":0,"180":0,"181":0,"182":0,"183":0,"184":0},"f":{"0":0,"1":0,"2":0,"3":0,"4":0,"5":0,"6":0,"7":0,"8":0,"9":0,"10":0,"11":0,"12":0,"13":0,"14":0,"15":0,"16":0,"17":0,"18":0,"19":0,"20":0,"21":0,"22":0,"23":0,"24":0,"25":0,"26":0,"27":0,"28":0,"29":0,"30":0},"b":{"0":[0],"1":[0],"2":[0,0],"3":[0,0],"4":[0,0],"5":[0,0],"6":[0,0],"7":[0,0],"8":[0,0],"9":[0,0],"10":[0,0],"11":[0,0],"12":[0,0],"13":[0,0],"14":[0,0],"15":[0,0],"16":[0,0],"17":[0,0],"18":[0,0],"19":[0,0],"20":[0,0],"21":[0,0,0],"22":[0],"23":[0,0],"24":[0,0],"25":[0,0],"26":[0],"27":[0],"28":[0,0],"29":[0,0],"30":[0,0],"31":[0,0],"32":[0,0],"33":[0,0],"34":[0,0],"35":[0,0],"36":[0,0],"37":[0,0],"38":[0,0],"39":[0,0]}}
,"/nas/Temp/repos/Atheon-Scanner/web-app/src/components/FilterableTable.jsx": {"path":"/nas/Temp/repos/Atheon-Scanner/web-app/src/components/FilterableTable.jsx","statementMap":{"0":{"start":{"line":3,"column":24},"end":{"line":327,"column":1}},"1":{"start":{"line":4,"column":30},"end":{"line":4,"column":42}},"2":{"start":{"line":5,"column":38},"end":{"line":5,"column":52}},"3":{"start":{"line":6,"column":44},"end":{"line":6,"column":59}},"4":{"start":{"line":7,"column":40},"end":{"line":7,"column":51}},"5":{"start":{"line":8,"column":42},"end":{"line":8,"column":54}},"6":{"start":{"line":11,"column":24},"end":{"line":45,"column":47}},"7":{"start":{"line":12,"column":19},"end":{"line":12,"column":23}},"8":{"start":{"line":15,"column":4},"end":{"line":21,"column":5}},"9":{"start":{"line":16,"column":6},"end":{"line":20,"column":9}},"10":{"start":{"line":17,"column":8},"end":{"line":19,"column":10}},"11":{"start":{"line":18,"column":10},"end":{"line":18,"column":68}},"12":{"start":{"line":24,"column":4},"end":{"line":42,"column":5}},"13":{"start":{"line":25,"column":6},"end":{"line":41,"column":9}},"14":{"start":{"line":26,"column":21},"end":{"line":26,"column":40}},"15":{"start":{"line":27,"column":21},"end":{"line":27,"column":40}},"16":{"start":{"line":29,"column":8},"end":{"line":31,"column":9}},"17":{"start":{"line":30,"column":10},"end":{"line":30,"column":69}},"18":{"start":{"line":33,"column":21},"end":{"line":33,"column":47}},"19":{"start":{"line":34,"column":21},"end":{"line":34,"column":47}},"20":{"start":{"line":36,"column":8},"end":{"line":40,"column":9}},"21":{"start":{"line":37,"column":10},"end":{"line":37,"column":42}},"22":{"start":{"line":39,"column":10},"end":{"line":39,"column":42}},"23":{"start":{"line":44,"column":4},"end":{"line":44,"column":20}},"24":{"start":{"line":48,"column":21},"end":{"line":48,"column":63}},"25":{"start":{"line":49,"column":24},"end":{"line":52,"column":3}},"26":{"start":{"line":55,"column":21},"end":{"line":63,"column":3}},"27":{"start":{"line":56,"column":4},"end":{"line":61,"column":5}},"28":{"start":{"line":57,"column":6},"end":{"line":57,"column":65}},"29":{"start":{"line":59,"column":6},"end":{"line":59,"column":28}},"30":{"start":{"line":60,"column":6},"end":{"line":60,"column":30}},"31":{"start":{"line":62,"column":4},"end":{"line":62,"column":22}},"32":{"start":{"line":66,"column":26},"end":{"line":72,"column":3}},"33":{"start":{"line":67,"column":4},"end":{"line":71,"column":6}},"34":{"start":{"line":68,"column":6},"end":{"line":70,"column":26}},"35":{"start":{"line":69,"column":28},"end":{"line":69,"column":40}},"36":{"start":{"line":75,"column":26},"end":{"line":83,"column":3}},"37":{"start":{"line":76,"column":4},"end":{"line":82,"column":5}},"38":{"start":{"line":77,"column":6},"end":{"line":77,"column":26}},"39":{"start":{"line":79,"column":6},"end":{"line":81,"column":9}},"40":{"start":{"line":80,"column":8},"end":{"line":80,"column":43}},"41":{"start":{"line":86,"column":22},"end":{"line":103,"column":3}},"42":{"start":{"line":87,"column":20},"end":{"line":87,"column":70}},"43":{"start":{"line":87,"column":39},"end":{"line":87,"column":59}},"44":{"start":{"line":88,"column":17},"end":{"line":93,"column":5}},"45":{"start":{"line":89,"column":6},"end":{"line":92,"column":18}},"46":{"start":{"line":90,"column":22},"end":{"line":90,"column":40}},"47":{"start":{"line":91,"column":8},"end":{"line":91,"column":56}},"48":{"start":{"line":95,"column":23},"end":{"line":95,"column":52}},"49":{"start":{"line":96,"column":17},"end":{"line":96,"column":61}},"50":{"start":{"line":97,"column":16},"end":{"line":97,"column":41}},"51":{"start":{"line":98,"column":17},"end":{"line":98,"column":44}},"52":{"start":{"line":99,"column":4},"end":{"line":99,"column":20}},"53":{"start":{"line":100,"column":4},"end":{"line":100,"column":84}},"54":{"start":{"line":101,"column":4},"end":{"line":101,"column":17}},"55":{"start":{"line":102,"column":4},"end":{"line":102,"column":29}},"56":{"start":{"line":106,"column":21},"end":{"line":132,"column":3}},"57":{"start":{"line":107,"column":18},"end":{"line":107,"column":33}},"58":{"start":{"line":109,"column":4},"end":{"line":111,"column":5}},"59":{"start":{"line":110,"column":6},"end":{"line":110,"column":39}},"60":{"start":{"line":113,"column":4},"end":{"line":115,"column":5}},"61":{"start":{"line":114,"column":6},"end":{"line":114,"column":50}},"62":{"start":{"line":117,"column":4},"end":{"line":119,"column":5}},"63":{"start":{"line":118,"column":6},"end":{"line":118,"column":36}},"64":{"start":{"line":121,"column":4},"end":{"line":129,"column":5}},"65":{"start":{"line":122,"column":25},"end":{"line":123,"column":71}},"66":{"start":{"line":124,"column":6},"end":{"line":128,"column":8}},"67":{"start":{"line":131,"column":4},"end":{"line":131,"column":17}},"68":{"start":{"line":134,"column":2},"end":{"line":326,"column":4}},"69":{"start":{"line":148,"column":16},"end":{"line":148,"column":42}},"70":{"start":{"line":149,"column":16},"end":{"line":149,"column":34}},"71":{"start":{"line":198,"column":16},"end":{"line":211,"column":21}},"72":{"start":{"line":200,"column":33},"end":{"line":200,"column":55}},"73":{"start":{"line":224,"column":30},"end":{"line":224,"column":65}},"74":{"start":{"line":225,"column":35},"end":{"line":225,"column":63}},"75":{"start":{"line":227,"column":16},"end":{"line":249,"column":18}},"76":{"start":{"line":236,"column":40},"end":{"line":236,"column":62}},"77":{"start":{"line":241,"column":22},"end":{"line":246,"column":27}},"78":{"start":{"line":265,"column":29},"end":{"line":265,"column":73}},"79":{"start":{"line":274,"column":14},"end":{"line":282,"column":15}},"80":{"start":{"line":275,"column":16},"end":{"line":275,"column":32}},"81":{"start":{"line":276,"column":21},"end":{"line":282,"column":15}},"82":{"start":{"line":277,"column":16},"end":{"line":277,"column":32}},"83":{"start":{"line":278,"column":21},"end":{"line":282,"column":15}},"84":{"start":{"line":279,"column":16},"end":{"line":279,"column":45}},"85":{"start":{"line":281,"column":16},"end":{"line":281,"column":46}},"86":{"start":{"line":284,"column":14},"end":{"line":296,"column":16}},"87":{"start":{"line":287,"column":33},"end":{"line":287,"column":56}},"88":{"start":{"line":300,"column":29},"end":{"line":300,"column":82}},"89":{"start":{"line":313,"column":16},"end":{"line":313,"column":34}}},"fnMap":{"0":{"name":"(anonymous_0)","decl":{"start":{"line":3,"column":24},"end":{"line":3,"column":25}},"loc":{"start":{"line":3,"column":84},"end":{"line":327,"column":1}},"line":3},"1":{"name":"(anonymous_1)","decl":{"start":{"line":11,"column":32},"end":{"line":11,"column":33}},"loc":{"start":{"line":11,"column":38},"end":{"line":45,"column":3}},"line":11},"2":{"name":"(anonymous_2)","decl":{"start":{"line":16,"column":29},"end":{"line":16,"column":30}},"loc":{"start":{"line":16,"column":36},"end":{"line":20,"column":7}},"line":16},"3":{"name":"(anonymous_3)","decl":{"start":{"line":17,"column":39},"end":{"line":17,"column":40}},"loc":{"start":{"line":18,"column":10},"end":{"line":18,"column":68}},"line":18},"4":{"name":"(anonymous_4)","decl":{"start":{"line":25,"column":36},"end":{"line":25,"column":37}},"loc":{"start":{"line":25,"column":46},"end":{"line":41,"column":7}},"line":25},"5":{"name":"(anonymous_5)","decl":{"start":{"line":55,"column":21},"end":{"line":55,"column":22}},"loc":{"start":{"line":55,"column":33},"end":{"line":63,"column":3}},"line":55},"6":{"name":"(anonymous_6)","decl":{"start":{"line":66,"column":26},"end":{"line":66,"column":27}},"loc":{"start":{"line":66,"column":37},"end":{"line":72,"column":3}},"line":66},"7":{"name":"(anonymous_7)","decl":{"start":{"line":67,"column":20},"end":{"line":67,"column":21}},"loc":{"start":{"line":68,"column":6},"end":{"line":70,"column":26}},"line":68},"8":{"name":"(anonymous_8)","decl":{"start":{"line":69,"column":22},"end":{"line":69,"column":23}},"loc":{"start":{"line":69,"column":28},"end":{"line":69,"column":40}},"line":69},"9":{"name":"(anonymous_9)","decl":{"start":{"line":75,"column":26},"end":{"line":75,"column":27}},"loc":{"start":{"line":75,"column":32},"end":{"line":83,"column":3}},"line":75},"10":{"name":"(anonymous_10)","decl":{"start":{"line":79,"column":40},"end":{"line":79,"column":41}},"loc":{"start":{"line":80,"column":8},"end":{"line":80,"column":43}},"line":80},"11":{"name":"(anonymous_11)","decl":{"start":{"line":86,"column":22},"end":{"line":86,"column":23}},"loc":{"start":{"line":86,"column":28},"end":{"line":103,"column":3}},"line":86},"12":{"name":"(anonymous_12)","decl":{"start":{"line":87,"column":32},"end":{"line":87,"column":33}},"loc":{"start":{"line":87,"column":39},"end":{"line":87,"column":59}},"line":87},"13":{"name":"(anonymous_13)","decl":{"start":{"line":88,"column":35},"end":{"line":88,"column":36}},"loc":{"start":{"line":89,"column":6},"end":{"line":92,"column":18}},"line":89},"14":{"name":"(anonymous_14)","decl":{"start":{"line":89,"column":18},"end":{"line":89,"column":19}},"loc":{"start":{"line":89,"column":25},"end":{"line":92,"column":7}},"line":89},"15":{"name":"(anonymous_15)","decl":{"start":{"line":106,"column":21},"end":{"line":106,"column":22}},"loc":{"start":{"line":106,"column":38},"end":{"line":132,"column":3}},"line":106},"16":{"name":"(anonymous_16)","decl":{"start":{"line":147,"column":24},"end":{"line":147,"column":25}},"loc":{"start":{"line":147,"column":31},"end":{"line":150,"column":15}},"line":147},"17":{"name":"(anonymous_17)","decl":{"start":{"line":197,"column":27},"end":{"line":197,"column":28}},"loc":{"start":{"line":198,"column":16},"end":{"line":211,"column":21}},"line":198},"18":{"name":"(anonymous_18)","decl":{"start":{"line":200,"column":27},"end":{"line":200,"column":28}},"loc":{"start":{"line":200,"column":33},"end":{"line":200,"column":55}},"line":200},"19":{"name":"(anonymous_19)","decl":{"start":{"line":223,"column":32},"end":{"line":223,"column":33}},"loc":{"start":{"line":223,"column":48},"end":{"line":250,"column":15}},"line":223},"20":{"name":"(anonymous_20)","decl":{"start":{"line":236,"column":34},"end":{"line":236,"column":35}},"loc":{"start":{"line":236,"column":40},"end":{"line":236,"column":62}},"line":236},"21":{"name":"(anonymous_21)","decl":{"start":{"line":240,"column":33},"end":{"line":240,"column":34}},"loc":{"start":{"line":241,"column":22},"end":{"line":246,"column":27}},"line":241},"22":{"name":"(anonymous_22)","decl":{"start":{"line":265,"column":23},"end":{"line":265,"column":24}},"loc":{"start":{"line":265,"column":29},"end":{"line":265,"column":73}},"line":265},"23":{"name":"(anonymous_23)","decl":{"start":{"line":272,"column":61},"end":{"line":272,"column":62}},"loc":{"start":{"line":272,"column":71},"end":{"line":297,"column":13}},"line":272},"24":{"name":"(anonymous_24)","decl":{"start":{"line":287,"column":27},"end":{"line":287,"column":28}},"loc":{"start":{"line":287,"column":33},"end":{"line":287,"column":56}},"line":287},"25":{"name":"(anonymous_25)","decl":{"start":{"line":300,"column":23},"end":{"line":300,"column":24}},"loc":{"start":{"line":300,"column":29},"end":{"line":300,"column":82}},"line":300},"26":{"name":"(anonymous_26)","decl":{"start":{"line":312,"column":24},"end":{"line":312,"column":25}},"loc":{"start":{"line":312,"column":31},"end":{"line":314,"column":15}},"line":312}},"branchMap":{"0":{"loc":{"start":{"line":3,"column":42},"end":{"line":3,"column":62}},"type":"default-arg","locations":[{"start":{"line":3,"column":50},"end":{"line":3,"column":62}}],"line":3},"1":{"loc":{"start":{"line":3,"column":64},"end":{"line":3,"column":77}},"type":"default-arg","locations":[{"start":{"line":3,"column":75},"end":{"line":3,"column":77}}],"line":3},"2":{"loc":{"start":{"line":15,"column":4},"end":{"line":21,"column":5}},"type":"if","locations":[{"start":{"line":15,"column":4},"end":{"line":21,"column":5}},{"start":{},"end":{}}],"line":15},"3":{"loc":{"start":{"line":24,"column":4},"end":{"line":42,"column":5}},"type":"if","locations":[{"start":{"line":24,"column":4},"end":{"line":42,"column":5}},{"start":{},"end":{}}],"line":24},"4":{"loc":{"start":{"line":26,"column":21},"end":{"line":26,"column":40}},"type":"binary-expr","locations":[{"start":{"line":26,"column":21},"end":{"line":26,"column":34}},{"start":{"line":26,"column":38},"end":{"line":26,"column":40}}],"line":26},"5":{"loc":{"start":{"line":27,"column":21},"end":{"line":27,"column":40}},"type":"binary-expr","locations":[{"start":{"line":27,"column":21},"end":{"line":27,"column":34}},{"start":{"line":27,"column":38},"end":{"line":27,"column":40}}],"line":27},"6":{"loc":{"start":{"line":29,"column":8},"end":{"line":31,"column":9}},"type":"if","locations":[{"start":{"line":29,"column":8},"end":{"line":31,"column":9}},{"start":{},"end":{}}],"line":29},"7":{"loc":{"start":{"line":29,"column":12},"end":{"line":29,"column":64}},"type":"binary-expr","locations":[{"start":{"line":29,"column":12},"end":{"line":29,"column":36}},{"start":{"line":29,"column":40},"end":{"line":29,"column":64}}],"line":29},"8":{"loc":{"start":{"line":30,"column":17},"end":{"line":30,"column":68}},"type":"cond-expr","locations":[{"start":{"line":30,"column":43},"end":{"line":30,"column":54}},{"start":{"line":30,"column":57},"end":{"line":30,"column":68}}],"line":30},"9":{"loc":{"start":{"line":36,"column":8},"end":{"line":40,"column":9}},"type":"if","locations":[{"start":{"line":36,"column":8},"end":{"line":40,"column":9}},{"start":{"line":38,"column":15},"end":{"line":40,"column":9}}],"line":36},"10":{"loc":{"start":{"line":56,"column":4},"end":{"line":61,"column":5}},"type":"if","locations":[{"start":{"line":56,"column":4},"end":{"line":61,"column":5}},{"start":{"line":58,"column":11},"end":{"line":61,"column":5}}],"line":56},"11":{"loc":{"start":{"line":57,"column":23},"end":{"line":57,"column":63}},"type":"cond-expr","locations":[{"start":{"line":57,"column":49},"end":{"line":57,"column":55}},{"start":{"line":57,"column":58},"end":{"line":57,"column":63}}],"line":57},"12":{"loc":{"start":{"line":68,"column":6},"end":{"line":70,"column":26}},"type":"cond-expr","locations":[{"start":{"line":69,"column":10},"end":{"line":69,"column":41}},{"start":{"line":70,"column":10},"end":{"line":70,"column":26}}],"line":68},"13":{"loc":{"start":{"line":76,"column":4},"end":{"line":82,"column":5}},"type":"if","locations":[{"start":{"line":76,"column":4},"end":{"line":82,"column":5}},{"start":{"line":78,"column":11},"end":{"line":82,"column":5}}],"line":76},"14":{"loc":{"start":{"line":80,"column":8},"end":{"line":80,"column":43}},"type":"binary-expr","locations":[{"start":{"line":80,"column":8},"end":{"line":80,"column":14}},{"start":{"line":80,"column":18},"end":{"line":80,"column":43}}],"line":80},"15":{"loc":{"start":{"line":87,"column":39},"end":{"line":87,"column":59}},"type":"binary-expr","locations":[{"start":{"line":87,"column":39},"end":{"line":87,"column":48}},{"start":{"line":87,"column":52},"end":{"line":87,"column":59}}],"line":87},"16":{"loc":{"start":{"line":90,"column":22},"end":{"line":90,"column":40}},"type":"binary-expr","locations":[{"start":{"line":90,"column":22},"end":{"line":90,"column":34}},{"start":{"line":90,"column":38},"end":{"line":90,"column":40}}],"line":90},"17":{"loc":{"start":{"line":109,"column":4},"end":{"line":111,"column":5}},"type":"if","locations":[{"start":{"line":109,"column":4},"end":{"line":111,"column":5}},{"start":{},"end":{}}],"line":109},"18":{"loc":{"start":{"line":113,"column":4},"end":{"line":115,"column":5}},"type":"if","locations":[{"start":{"line":113,"column":4},"end":{"line":115,"column":5}},{"start":{},"end":{}}],"line":113},"19":{"loc":{"start":{"line":117,"column":4},"end":{"line":119,"column":5}},"type":"if","locations":[{"start":{"line":117,"column":4},"end":{"line":119,"column":5}},{"start":{},"end":{}}],"line":117},"20":{"loc":{"start":{"line":121,"column":4},"end":{"line":129,"column":5}},"type":"if","locations":[{"start":{"line":121,"column":4},"end":{"line":129,"column":5}},{"start":{},"end":{}}],"line":121},"21":{"loc":{"start":{"line":122,"column":25},"end":{"line":123,"column":71}},"type":"binary-expr","locations":[{"start":{"line":122,"column":25},"end":{"line":122,"column":51}},{"start":{"line":123,"column":8},"end":{"line":123,"column":71}}],"line":122},"22":{"loc":{"start":{"line":175,"column":11},"end":{"line":175,"column":60}},"type":"binary-expr","locations":[{"start":{"line":175,"column":11},"end":{"line":175,"column":17}},{"start":{"line":175,"column":21},"end":{"line":175,"column":60}}],"line":175},"23":{"loc":{"start":{"line":177,"column":9},"end":{"line":181,"column":9}},"type":"binary-expr","locations":[{"start":{"line":177,"column":9},"end":{"line":177,"column":32}},{"start":{"line":178,"column":10},"end":{"line":180,"column":17}}],"line":177},"24":{"loc":{"start":{"line":179,"column":38},"end":{"line":179,"column":74}},"type":"cond-expr","locations":[{"start":{"line":179,"column":66},"end":{"line":179,"column":69}},{"start":{"line":179,"column":72},"end":{"line":179,"column":74}}],"line":179},"25":{"loc":{"start":{"line":192,"column":27},"end":{"line":192,"column":99}},"type":"binary-expr","locations":[{"start":{"line":192,"column":27},"end":{"line":192,"column":71}},{"start":{"line":192,"column":75},"end":{"line":192,"column":99}}],"line":192},"26":{"loc":{"start":{"line":204,"column":27},"end":{"line":204,"column":53}},"type":"binary-expr","locations":[{"start":{"line":204,"column":27},"end":{"line":204,"column":39}},{"start":{"line":204,"column":43},"end":{"line":204,"column":53}}],"line":204},"27":{"loc":{"start":{"line":205,"column":21},"end":{"line":209,"column":21}},"type":"binary-expr","locations":[{"start":{"line":205,"column":21},"end":{"line":205,"column":46}},{"start":{"line":206,"column":22},"end":{"line":208,"column":28}}],"line":205},"28":{"loc":{"start":{"line":206,"column":70},"end":{"line":206,"column":113}},"type":"cond-expr","locations":[{"start":{"line":206,"column":96},"end":{"line":206,"column":108}},{"start":{"line":206,"column":111},"end":{"line":206,"column":113}}],"line":206},"29":{"loc":{"start":{"line":216,"column":13},"end":{"line":251,"column":13}},"type":"cond-expr","locations":[{"start":{"line":217,"column":14},"end":{"line":221,"column":19}},{"start":{"line":223,"column":14},"end":{"line":250,"column":16}}],"line":216},"30":{"loc":{"start":{"line":219,"column":19},"end":{"line":219,"column":80}},"type":"cond-expr","locations":[{"start":{"line":219,"column":28},"end":{"line":219,"column":58}},{"start":{"line":219,"column":61},"end":{"line":219,"column":80}}],"line":219},"31":{"loc":{"start":{"line":224,"column":30},"end":{"line":224,"column":65}},"type":"binary-expr","locations":[{"start":{"line":224,"column":30},"end":{"line":224,"column":36}},{"start":{"line":224,"column":40},"end":{"line":224,"column":65}}],"line":224},"32":{"loc":{"start":{"line":230,"column":70},"end":{"line":230,"column":101}},"type":"cond-expr","locations":[{"start":{"line":230,"column":83},"end":{"line":230,"column":96}},{"start":{"line":230,"column":99},"end":{"line":230,"column":101}}],"line":230},"33":{"loc":{"start":{"line":257,"column":7},"end":{"line":324,"column":7}},"type":"binary-expr","locations":[{"start":{"line":257,"column":7},"end":{"line":257,"column":21}},{"start":{"line":258,"column":8},"end":{"line":323,"column":14}}],"line":257},"34":{"loc":{"start":{"line":274,"column":14},"end":{"line":282,"column":15}},"type":"if","locations":[{"start":{"line":274,"column":14},"end":{"line":282,"column":15}},{"start":{"line":276,"column":21},"end":{"line":282,"column":15}}],"line":274},"35":{"loc":{"start":{"line":276,"column":21},"end":{"line":282,"column":15}},"type":"if","locations":[{"start":{"line":276,"column":21},"end":{"line":282,"column":15}},{"start":{"line":278,"column":21},"end":{"line":282,"column":15}}],"line":276},"36":{"loc":{"start":{"line":278,"column":21},"end":{"line":282,"column":15}},"type":"if","locations":[{"start":{"line":278,"column":21},"end":{"line":282,"column":15}},{"start":{"line":280,"column":21},"end":{"line":282,"column":15}}],"line":278},"37":{"loc":{"start":{"line":289,"column":20},"end":{"line":291,"column":66}},"type":"cond-expr","locations":[{"start":{"line":290,"column":24},"end":{"line":290,"column":48}},{"start":{"line":291,"column":24},"end":{"line":291,"column":66}}],"line":289}},"s":{"0":0,"1":0,"2":0,"3":0,"4":0,"5":0,"6":0,"7":0,"8":0,"9":0,"10":0,"11":0,"12":0,"13":0,"14":0,"15":0,"16":0,"17":0,"18":0,"19":0,"20":0,"21":0,"22":0,"23":0,"24":0,"25":0,"26":0,"27":0,"28":0,"29":0,"30":0,"31":0,"32":0,"33":0,"34":0,"35":0,"36":0,"37":0,"38":0,"39":0,"40":0,"41":0,"42":0,"43":0,"44":0,"45":0,"46":0,"47":0,"48":0,"49":0,"50":0,"51":0,"52":0,"53":0,"54":0,"55":0,"56":0,"57":0,"58":0,"59":0,"60":0,"61":0,"62":0,"63":0,"64":0,"65":0,"66":0,"67":0,"68":0,"69":0,"70":0,"71":0,"72":0,"73":0,"74":0,"75":0,"76":0,"77":0,"78":0,"79":0,"80":0,"81":0,"82":0,"83":0,"84":0,"85":0,"86":0,"87":0,"88":0,"89":0},"f":{"0":0,"1":0,"2":0,"3":0,"4":0,"5":0,"6":0,"7":0,"8":0,"9":0,"10":0,"11":0,"12":0,"13":0,"14":0,"15":0,"16":0,"17":0,"18":0,"19":0,"20":0,"21":0,"22":0,"23":0,"24":0,"25":0,"26":0},"b":{"0":[0],"1":[0],"2":[0,0],"3":[0,0],"4":[0,0],"5":[0,0],"6":[0,0],"7":[0,0],"8":[0,0],"9":[0,0],"10":[0,0],"11":[0,0],"12":[0,0],"13":[0,0],"14":[0,0],"15":[0,0],"16":[0,0],"17":[0,0],"18":[0,0],"19":[0,0],"20":[0,0],"21":[0,0],"22":[0,0],"23":[0,0],"24":[0,0],"25":[0,0],"26":[0,0],"27":[0,0],"28":[0,0],"29":[0,0],"30":[0,0],"31":[0,0],"32":[0,0],"33":[0,0],"34":[0,0],"35":[0,0],"36":[0,0],"37":[0,0]}}
,"/nas/Temp/repos/Atheon-Scanner/web-app/src/components/ReportDetailModal.jsx": {"path":"/nas/Temp/repos/Atheon-Scanner/web-app/src/components/ReportDetailModal.jsx","statementMap":{"0":{"start":{"line":4,"column":36},"end":{"line":4,"column":56}},"1":{"start":{"line":6,"column":2},"end":{"line":6,"column":27}},"2":{"start":{"line":6,"column":15},"end":{"line":6,"column":27}},"3":{"start":{"line":8,"column":15},"end":{"line":13,"column":3}},"4":{"start":{"line":15,"column":27},"end":{"line":23,"column":3}},"5":{"start":{"line":16,"column":4},"end":{"line":22,"column":5}},"6":{"start":{"line":17,"column":23},"end":{"line":17,"column":70}},"7":{"start":{"line":18,"column":19},"end":{"line":18,"column":72}},"8":{"start":{"line":19,"column":21},"end":{"line":19,"column":74}},"9":{"start":{"line":20,"column":18},"end":{"line":20,"column":67}},"10":{"start":{"line":21,"column":15},"end":{"line":21,"column":64}},"11":{"start":{"line":25,"column":2},"end":{"line":303,"column":4}},"12":{"start":{"line":74,"column":14},"end":{"line":84,"column":23}},"13":{"start":{"line":76,"column":31},"end":{"line":76,"column":51}},"14":{"start":{"line":148,"column":22},"end":{"line":151,"column":28}},"15":{"start":{"line":163,"column":18},"end":{"line":179,"column":24}},"16":{"start":{"line":193,"column":20},"end":{"line":204,"column":26}},"17":{"start":{"line":218,"column":20},"end":{"line":229,"column":26}},"18":{"start":{"line":273,"column":22},"end":{"line":278,"column":29}},"19":{"start":{"line":307,"column":2},"end":{"line":307,"column":43}},"20":{"start":{"line":307,"column":19},"end":{"line":307,"column":43}},"21":{"start":{"line":308,"column":2},"end":{"line":308,"column":42}},"22":{"start":{"line":308,"column":19},"end":{"line":308,"column":42}},"23":{"start":{"line":309,"column":2},"end":{"line":309,"column":44}},"24":{"start":{"line":309,"column":19},"end":{"line":309,"column":44}},"25":{"start":{"line":310,"column":2},"end":{"line":310,"column":24}},"26":{"start":{"line":314,"column":2},"end":{"line":320,"column":3}},"27":{"start":{"line":315,"column":14},"end":{"line":315,"column":47}},"28":{"start":{"line":316,"column":14},"end":{"line":316,"column":46}},"29":{"start":{"line":317,"column":14},"end":{"line":317,"column":48}},"30":{"start":{"line":318,"column":14},"end":{"line":318,"column":48}},"31":{"start":{"line":319,"column":13},"end":{"line":319,"column":44}}},"fnMap":{"0":{"name":"ReportDetailModal","decl":{"start":{"line":3,"column":24},"end":{"line":3,"column":41}},"loc":{"start":{"line":3,"column":63},"end":{"line":304,"column":1}},"line":3},"1":{"name":"(anonymous_1)","decl":{"start":{"line":15,"column":27},"end":{"line":15,"column":28}},"loc":{"start":{"line":15,"column":41},"end":{"line":23,"column":3}},"line":15},"2":{"name":"(anonymous_2)","decl":{"start":{"line":73,"column":22},"end":{"line":73,"column":23}},"loc":{"start":{"line":74,"column":14},"end":{"line":84,"column":23}},"line":74},"3":{"name":"(anonymous_3)","decl":{"start":{"line":76,"column":25},"end":{"line":76,"column":26}},"loc":{"start":{"line":76,"column":31},"end":{"line":76,"column":51}},"line":76},"4":{"name":"(anonymous_4)","decl":{"start":{"line":147,"column":56},"end":{"line":147,"column":57}},"loc":{"start":{"line":148,"column":22},"end":{"line":151,"column":28}},"line":148},"5":{"name":"(anonymous_5)","decl":{"start":{"line":162,"column":36},"end":{"line":162,"column":37}},"loc":{"start":{"line":163,"column":18},"end":{"line":179,"column":24}},"line":163},"6":{"name":"(anonymous_6)","decl":{"start":{"line":192,"column":72},"end":{"line":192,"column":73}},"loc":{"start":{"line":193,"column":20},"end":{"line":204,"column":26}},"line":193},"7":{"name":"(anonymous_7)","decl":{"start":{"line":217,"column":24},"end":{"line":217,"column":25}},"loc":{"start":{"line":218,"column":20},"end":{"line":229,"column":26}},"line":218},"8":{"name":"(anonymous_8)","decl":{"start":{"line":272,"column":39},"end":{"line":272,"column":40}},"loc":{"start":{"line":273,"column":22},"end":{"line":278,"column":29}},"line":273},"9":{"name":"getScoreColor","decl":{"start":{"line":306,"column":9},"end":{"line":306,"column":22}},"loc":{"start":{"line":306,"column":30},"end":{"line":311,"column":1}},"line":306},"10":{"name":"getTierColor","decl":{"start":{"line":313,"column":9},"end":{"line":313,"column":21}},"loc":{"start":{"line":313,"column":28},"end":{"line":321,"column":1}},"line":313}},"branchMap":{"0":{"loc":{"start":{"line":6,"column":2},"end":{"line":6,"column":27}},"type":"if","locations":[{"start":{"line":6,"column":2},"end":{"line":6,"column":27}},{"start":{},"end":{}}],"line":6},"1":{"loc":{"start":{"line":16,"column":4},"end":{"line":22,"column":5}},"type":"switch","locations":[{"start":{"line":17,"column":6},"end":{"line":17,"column":70}},{"start":{"line":18,"column":6},"end":{"line":18,"column":72}},{"start":{"line":19,"column":6},"end":{"line":19,"column":74}},{"start":{"line":20,"column":6},"end":{"line":20,"column":67}},{"start":{"line":21,"column":6},"end":{"line":21,"column":64}}],"line":16},"2":{"loc":{"start":{"line":78,"column":18},"end":{"line":80,"column":54}},"type":"cond-expr","locations":[{"start":{"line":79,"column":22},"end":{"line":79,"column":64}},{"start":{"line":80,"column":22},"end":{"line":80,"column":54}}],"line":78},"3":{"loc":{"start":{"line":91,"column":11},"end":{"line":157,"column":11}},"type":"binary-expr","locations":[{"start":{"line":91,"column":11},"end":{"line":91,"column":35}},{"start":{"line":92,"column":12},"end":{"line":156,"column":18}}],"line":91},"4":{"loc":{"start":{"line":125,"column":66},"end":{"line":125,"column":95}},"type":"binary-expr","locations":[{"start":{"line":125,"column":66},"end":{"line":125,"column":90}},{"start":{"line":125,"column":94},"end":{"line":125,"column":95}}],"line":125},"5":{"loc":{"start":{"line":129,"column":69},"end":{"line":129,"column":94}},"type":"binary-expr","locations":[{"start":{"line":129,"column":69},"end":{"line":129,"column":89}},{"start":{"line":129,"column":93},"end":{"line":129,"column":94}}],"line":129},"6":{"loc":{"start":{"line":133,"column":69},"end":{"line":133,"column":96}},"type":"binary-expr","locations":[{"start":{"line":133,"column":69},"end":{"line":133,"column":91}},{"start":{"line":133,"column":95},"end":{"line":133,"column":96}}],"line":133},"7":{"loc":{"start":{"line":137,"column":67},"end":{"line":137,"column":91}},"type":"binary-expr","locations":[{"start":{"line":137,"column":67},"end":{"line":137,"column":86}},{"start":{"line":137,"column":90},"end":{"line":137,"column":91}}],"line":137},"8":{"loc":{"start":{"line":143,"column":15},"end":{"line":155,"column":15}},"type":"binary-expr","locations":[{"start":{"line":143,"column":15},"end":{"line":143,"column":29}},{"start":{"line":144,"column":16},"end":{"line":154,"column":22}}],"line":143},"9":{"loc":{"start":{"line":159,"column":11},"end":{"line":185,"column":11}},"type":"binary-expr","locations":[{"start":{"line":159,"column":11},"end":{"line":159,"column":35}},{"start":{"line":160,"column":12},"end":{"line":184,"column":18}}],"line":159},"10":{"loc":{"start":{"line":161,"column":15},"end":{"line":183,"column":15}},"type":"cond-expr","locations":[{"start":{"line":162,"column":16},"end":{"line":180,"column":18}},{"start":{"line":182,"column":16},"end":{"line":182,"column":91}}],"line":161},"11":{"loc":{"start":{"line":187,"column":11},"end":{"line":234,"column":11}},"type":"binary-expr","locations":[{"start":{"line":187,"column":11},"end":{"line":187,"column":34}},{"start":{"line":188,"column":12},"end":{"line":233,"column":18}}],"line":187},"12":{"loc":{"start":{"line":192,"column":19},"end":{"line":205,"column":20}},"type":"binary-expr","locations":[{"start":{"line":192,"column":19},"end":{"line":192,"column":33}},{"start":{"line":192,"column":37},"end":{"line":205,"column":20}}],"line":192},"13":{"loc":{"start":{"line":213,"column":48},"end":{"line":213,"column":77}},"type":"binary-expr","locations":[{"start":{"line":213,"column":48},"end":{"line":213,"column":72}},{"start":{"line":213,"column":76},"end":{"line":213,"column":77}}],"line":213},"14":{"loc":{"start":{"line":214,"column":44},"end":{"line":214,"column":69}},"type":"binary-expr","locations":[{"start":{"line":214,"column":44},"end":{"line":214,"column":64}},{"start":{"line":214,"column":68},"end":{"line":214,"column":69}}],"line":214},"15":{"loc":{"start":{"line":215,"column":46},"end":{"line":215,"column":73}},"type":"binary-expr","locations":[{"start":{"line":215,"column":46},"end":{"line":215,"column":68}},{"start":{"line":215,"column":72},"end":{"line":215,"column":73}}],"line":215},"16":{"loc":{"start":{"line":216,"column":43},"end":{"line":216,"column":67}},"type":"binary-expr","locations":[{"start":{"line":216,"column":43},"end":{"line":216,"column":62}},{"start":{"line":216,"column":66},"end":{"line":216,"column":67}}],"line":216},"17":{"loc":{"start":{"line":236,"column":11},"end":{"line":284,"column":11}},"type":"binary-expr","locations":[{"start":{"line":236,"column":11},"end":{"line":236,"column":34}},{"start":{"line":237,"column":12},"end":{"line":283,"column":18}}],"line":236},"18":{"loc":{"start":{"line":259,"column":48},"end":{"line":259,"column":77}},"type":"binary-expr","locations":[{"start":{"line":259,"column":48},"end":{"line":259,"column":68}},{"start":{"line":259,"column":72},"end":{"line":259,"column":77}}],"line":259},"19":{"loc":{"start":{"line":263,"column":48},"end":{"line":263,"column":79}},"type":"binary-expr","locations":[{"start":{"line":263,"column":48},"end":{"line":263,"column":69}},{"start":{"line":263,"column":73},"end":{"line":263,"column":79}}],"line":263},"20":{"loc":{"start":{"line":268,"column":15},"end":{"line":282,"column":15}},"type":"binary-expr","locations":[{"start":{"line":268,"column":15},"end":{"line":268,"column":28}},{"start":{"line":268,"column":32},"end":{"line":268,"column":56}},{"start":{"line":269,"column":16},"end":{"line":281,"column":22}}],"line":268},"21":{"loc":{"start":{"line":307,"column":2},"end":{"line":307,"column":43}},"type":"if","locations":[{"start":{"line":307,"column":2},"end":{"line":307,"column":43}},{"start":{},"end":{}}],"line":307},"22":{"loc":{"start":{"line":308,"column":2},"end":{"line":308,"column":42}},"type":"if","locations":[{"start":{"line":308,"column":2},"end":{"line":308,"column":42}},{"start":{},"end":{}}],"line":308},"23":{"loc":{"start":{"line":309,"column":2},"end":{"line":309,"column":44}},"type":"if","locations":[{"start":{"line":309,"column":2},"end":{"line":309,"column":44}},{"start":{},"end":{}}],"line":309},"24":{"loc":{"start":{"line":314,"column":2},"end":{"line":320,"column":3}},"type":"switch","locations":[{"start":{"line":315,"column":4},"end":{"line":315,"column":47}},{"start":{"line":316,"column":4},"end":{"line":316,"column":46}},{"start":{"line":317,"column":4},"end":{"line":317,"column":48}},{"start":{"line":318,"column":4},"end":{"line":318,"column":48}},{"start":{"line":319,"column":4},"end":{"line":319,"column":44}}],"line":314}},"s":{"0":0,"1":0,"2":0,"3":0,"4":0,"5":0,"6":0,"7":0,"8":0,"9":0,"10":0,"11":0,"12":0,"13":0,"14":0,"15":0,"16":0,"17":0,"18":0,"19":0,"20":0,"21":0,"22":0,"23":0,"24":0,"25":0,"26":0,"27":0,"28":0,"29":0,"30":0,"31":0},"f":{"0":0,"1":0,"2":0,"3":0,"4":0,"5":0,"6":0,"7":0,"8":0,"9":0,"10":0},"b":{"0":[0,0],"1":[0,0,0,0,0],"2":[0,0],"3":[0,0],"4":[0,0],"5":[0,0],"6":[0,0],"7":[0,0],"8":[0,0],"9":[0,0],"10":[0,0],"11":[0,0],"12":[0,0],"13":[0,0],"14":[0,0],"15":[0,0],"16":[0,0],"17":[0,0],"18":[0,0],"19":[0,0],"20":[0,0,0],"21":[0,0],"22":[0,0],"23":[0,0],"24":[0,0,0,0,0]}}
,"/nas/Temp/repos/Atheon-Scanner/web-app/src/components/SecurityRadarChart.jsx": {"path":"/nas/Temp/repos/Atheon-Scanner/web-app/src/components/SecurityRadarChart.jsx","statementMap":{"0":{"start":{"line":4,"column":20},"end":{"line":4,"column":32}},"1":{"start":{"line":5,"column":46},"end":{"line":5,"column":60}},"2":{"start":{"line":6,"column":52},"end":{"line":6,"column":63}},"3":{"start":{"line":7,"column":44},"end":{"line":11,"column":4}},"4":{"start":{"line":12,"column":40},"end":{"line":12,"column":55}},"5":{"start":{"line":15,"column":27},"end":{"line":28,"column":3}},"6":{"start":{"line":16,"column":59},"end":{"line":16,"column":71}},"7":{"start":{"line":18,"column":4},"end":{"line":27,"column":6}},"8":{"start":{"line":30,"column":18},"end":{"line":30,"column":36}},"9":{"start":{"line":32,"column":2},"end":{"line":53,"column":52}},"10":{"start":{"line":33,"column":4},"end":{"line":33,"column":35}},"11":{"start":{"line":33,"column":28},"end":{"line":33,"column":35}},"12":{"start":{"line":35,"column":19},"end":{"line":35,"column":36}},"13":{"start":{"line":36,"column":16},"end":{"line":36,"column":39}},"14":{"start":{"line":39,"column":19},"end":{"line":39,"column":20}},"15":{"start":{"line":40,"column":20},"end":{"line":50,"column":5}},"16":{"start":{"line":41,"column":6},"end":{"line":41,"column":24}},"17":{"start":{"line":42,"column":6},"end":{"line":42,"column":37}},"18":{"start":{"line":42,"column":24},"end":{"line":42,"column":37}},"19":{"start":{"line":44,"column":6},"end":{"line":44,"column":37}},"20":{"start":{"line":45,"column":6},"end":{"line":45,"column":56}},"21":{"start":{"line":47,"column":6},"end":{"line":49,"column":7}},"22":{"start":{"line":48,"column":8},"end":{"line":48,"column":39}},"23":{"start":{"line":52,"column":4},"end":{"line":52,"column":14}},"24":{"start":{"line":55,"column":20},"end":{"line":206,"column":3}},"25":{"start":{"line":56,"column":4},"end":{"line":56,"column":21}},"26":{"start":{"line":56,"column":14},"end":{"line":56,"column":21}},"27":{"start":{"line":58,"column":20},"end":{"line":58,"column":28}},"28":{"start":{"line":59,"column":20},"end":{"line":59,"column":28}},"29":{"start":{"line":60,"column":19},"end":{"line":60,"column":34}},"30":{"start":{"line":63,"column":4},"end":{"line":63,"column":36}},"31":{"start":{"line":65,"column":25},"end":{"line":65,"column":42}},"32":{"start":{"line":66,"column":19},"end":{"line":66,"column":38}},"33":{"start":{"line":67,"column":21},"end":{"line":67,"column":24}},"34":{"start":{"line":70,"column":23},"end":{"line":70,"column":24}},"35":{"start":{"line":71,"column":4},"end":{"line":90,"column":5}},"36":{"start":{"line":71,"column":21},"end":{"line":71,"column":22}},"37":{"start":{"line":72,"column":26},"end":{"line":72,"column":55}},"38":{"start":{"line":74,"column":6},"end":{"line":74,"column":22}},"39":{"start":{"line":75,"column":6},"end":{"line":85,"column":9}},"40":{"start":{"line":76,"column":22},"end":{"line":76,"column":75}},"41":{"start":{"line":77,"column":18},"end":{"line":77,"column":57}},"42":{"start":{"line":78,"column":18},"end":{"line":78,"column":57}},"43":{"start":{"line":80,"column":8},"end":{"line":84,"column":9}},"44":{"start":{"line":81,"column":10},"end":{"line":81,"column":27}},"45":{"start":{"line":83,"column":10},"end":{"line":83,"column":27}},"46":{"start":{"line":86,"column":6},"end":{"line":86,"column":22}},"47":{"start":{"line":87,"column":6},"end":{"line":87,"column":51}},"48":{"start":{"line":88,"column":6},"end":{"line":88,"column":24}},"49":{"start":{"line":89,"column":6},"end":{"line":89,"column":19}},"50":{"start":{"line":93,"column":4},"end":{"line":111,"column":7}},"51":{"start":{"line":94,"column":20},"end":{"line":94,"column":73}},"52":{"start":{"line":95,"column":16},"end":{"line":95,"column":50}},"53":{"start":{"line":96,"column":16},"end":{"line":96,"column":50}},"54":{"start":{"line":99,"column":6},"end":{"line":99,"column":22}},"55":{"start":{"line":100,"column":6},"end":{"line":100,"column":35}},"56":{"start":{"line":101,"column":6},"end":{"line":101,"column":23}},"57":{"start":{"line":102,"column":6},"end":{"line":102,"column":51}},"58":{"start":{"line":103,"column":6},"end":{"line":103,"column":24}},"59":{"start":{"line":104,"column":6},"end":{"line":104,"column":19}},"60":{"start":{"line":107,"column":6},"end":{"line":107,"column":22}},"61":{"start":{"line":108,"column":6},"end":{"line":108,"column":39}},"62":{"start":{"line":109,"column":6},"end":{"line":109,"column":49}},"63":{"start":{"line":110,"column":6},"end":{"line":110,"column":17}},"64":{"start":{"line":114,"column":4},"end":{"line":114,"column":20}},"65":{"start":{"line":115,"column":4},"end":{"line":127,"column":7}},"66":{"start":{"line":116,"column":20},"end":{"line":116,"column":73}},"67":{"start":{"line":117,"column":30},"end":{"line":117,"column":63}},"68":{"start":{"line":118,"column":25},"end":{"line":118,"column":49}},"69":{"start":{"line":119,"column":16},"end":{"line":119,"column":54}},"70":{"start":{"line":120,"column":16},"end":{"line":120,"column":54}},"71":{"start":{"line":122,"column":6},"end":{"line":126,"column":7}},"72":{"start":{"line":123,"column":8},"end":{"line":123,"column":25}},"73":{"start":{"line":125,"column":8},"end":{"line":125,"column":25}},"74":{"start":{"line":128,"column":4},"end":{"line":128,"column":20}},"75":{"start":{"line":131,"column":21},"end":{"line":131,"column":92}},"76":{"start":{"line":132,"column":4},"end":{"line":132,"column":55}},"77":{"start":{"line":133,"column":4},"end":{"line":133,"column":57}},"78":{"start":{"line":134,"column":4},"end":{"line":134,"column":55}},"79":{"start":{"line":135,"column":4},"end":{"line":135,"column":29}},"80":{"start":{"line":136,"column":4},"end":{"line":136,"column":15}},"81":{"start":{"line":139,"column":4},"end":{"line":139,"column":47}},"82":{"start":{"line":140,"column":4},"end":{"line":140,"column":22}},"83":{"start":{"line":141,"column":4},"end":{"line":141,"column":17}},"84":{"start":{"line":144,"column":4},"end":{"line":180,"column":7}},"85":{"start":{"line":145,"column":20},"end":{"line":145,"column":73}},"86":{"start":{"line":146,"column":30},"end":{"line":146,"column":63}},"87":{"start":{"line":147,"column":25},"end":{"line":147,"column":49}},"88":{"start":{"line":148,"column":16},"end":{"line":148,"column":54}},"89":{"start":{"line":149,"column":16},"end":{"line":149,"column":54}},"90":{"start":{"line":152,"column":6},"end":{"line":152,"column":22}},"91":{"start":{"line":153,"column":6},"end":{"line":153,"column":35}},"92":{"start":{"line":154,"column":6},"end":{"line":154,"column":23}},"93":{"start":{"line":155,"column":6},"end":{"line":155,"column":50}},"94":{"start":{"line":156,"column":6},"end":{"line":156,"column":24}},"95":{"start":{"line":157,"column":6},"end":{"line":157,"column":19}},"96":{"start":{"line":160,"column":26},"end":{"line":160,"column":52}},"97":{"start":{"line":161,"column":6},"end":{"line":161,"column":22}},"98":{"start":{"line":162,"column":6},"end":{"line":162,"column":49}},"99":{"start":{"line":164,"column":25},"end":{"line":164,"column":49}},"100":{"start":{"line":165,"column":6},"end":{"line":165,"column":33}},"101":{"start":{"line":166,"column":6},"end":{"line":166,"column":17}},"102":{"start":{"line":168,"column":6},"end":{"line":168,"column":51}},"103":{"start":{"line":169,"column":6},"end":{"line":169,"column":24}},"104":{"start":{"line":170,"column":6},"end":{"line":170,"column":19}},"105":{"start":{"line":173,"column":6},"end":{"line":179,"column":7}},"106":{"start":{"line":174,"column":8},"end":{"line":174,"column":73}},"107":{"start":{"line":175,"column":8},"end":{"line":175,"column":51}},"108":{"start":{"line":176,"column":8},"end":{"line":176,"column":33}},"109":{"start":{"line":177,"column":8},"end":{"line":177,"column":36}},"110":{"start":{"line":178,"column":8},"end":{"line":178,"column":54}},"111":{"start":{"line":183,"column":4},"end":{"line":183,"column":33}},"112":{"start":{"line":184,"column":4},"end":{"line":184,"column":96}},"113":{"start":{"line":186,"column":4},"end":{"line":205,"column":7}},"114":{"start":{"line":187,"column":20},"end":{"line":187,"column":73}},"115":{"start":{"line":188,"column":26},"end":{"line":188,"column":37}},"116":{"start":{"line":189,"column":16},"end":{"line":189,"column":55}},"117":{"start":{"line":190,"column":16},"end":{"line":190,"column":55}},"118":{"start":{"line":192,"column":6},"end":{"line":192,"column":31}},"119":{"start":{"line":193,"column":6},"end":{"line":193,"column":34}},"120":{"start":{"line":196,"column":6},"end":{"line":202,"column":7}},"121":{"start":{"line":197,"column":8},"end":{"line":197,"column":42}},"122":{"start":{"line":198,"column":8},"end":{"line":198,"column":34}},"123":{"start":{"line":200,"column":8},"end":{"line":200,"column":37}},"124":{"start":{"line":201,"column":8},"end":{"line":201,"column":100}},"125":{"start":{"line":204,"column":6},"end":{"line":204,"column":33}},"126":{"start":{"line":208,"column":26},"end":{"line":236,"column":3}},"127":{"start":{"line":209,"column":4},"end":{"line":209,"column":35}},"128":{"start":{"line":209,"column":28},"end":{"line":209,"column":35}},"129":{"start":{"line":211,"column":17},"end":{"line":211,"column":58}},"130":{"start":{"line":212,"column":14},"end":{"line":212,"column":35}},"131":{"start":{"line":213,"column":14},"end":{"line":213,"column":34}},"132":{"start":{"line":215,"column":20},"end":{"line":215,"column":28}},"133":{"start":{"line":216,"column":20},"end":{"line":216,"column":28}},"134":{"start":{"line":219,"column":25},"end":{"line":219,"column":45}},"135":{"start":{"line":220,"column":24},"end":{"line":220,"column":28}},"136":{"start":{"line":221,"column":22},"end":{"line":221,"column":30}},"137":{"start":{"line":223,"column":4},"end":{"line":233,"column":7}},"138":{"start":{"line":224,"column":20},"end":{"line":224,"column":73}},"139":{"start":{"line":225,"column":21},"end":{"line":225,"column":66}},"140":{"start":{"line":226,"column":21},"end":{"line":226,"column":66}},"141":{"start":{"line":228,"column":23},"end":{"line":228,"column":83}},"142":{"start":{"line":229,"column":6},"end":{"line":232,"column":7}},"143":{"start":{"line":230,"column":8},"end":{"line":230,"column":31}},"144":{"start":{"line":231,"column":8},"end":{"line":231,"column":31}},"145":{"start":{"line":235,"column":4},"end":{"line":235,"column":37}},"146":{"start":{"line":238,"column":27},"end":{"line":240,"column":3}},"147":{"start":{"line":239,"column":4},"end":{"line":239,"column":28}},"148":{"start":{"line":242,"column":24},"end":{"line":248,"column":3}},"149":{"start":{"line":243,"column":4},"end":{"line":243,"column":38}},"150":{"start":{"line":243,"column":21},"end":{"line":243,"column":38}},"151":{"start":{"line":244,"column":4},"end":{"line":244,"column":38}},"152":{"start":{"line":244,"column":21},"end":{"line":244,"column":38}},"153":{"start":{"line":245,"column":4},"end":{"line":245,"column":38}},"154":{"start":{"line":245,"column":21},"end":{"line":245,"column":38}},"155":{"start":{"line":246,"column":4},"end":{"line":246,"column":38}},"156":{"start":{"line":246,"column":21},"end":{"line":246,"column":38}},"157":{"start":{"line":247,"column":4},"end":{"line":247,"column":21}},"158":{"start":{"line":250,"column":27},"end":{"line":258,"column":3}},"159":{"start":{"line":251,"column":4},"end":{"line":257,"column":5}},"160":{"start":{"line":252,"column":23},"end":{"line":252,"column":40}},"161":{"start":{"line":253,"column":19},"end":{"line":253,"column":36}},"162":{"start":{"line":254,"column":21},"end":{"line":254,"column":38}},"163":{"start":{"line":255,"column":18},"end":{"line":255,"column":35}},"164":{"start":{"line":256,"column":15},"end":{"line":256,"column":32}},"165":{"start":{"line":260,"column":24},"end":{"line":264,"column":3}},"166":{"start":{"line":266,"column":2},"end":{"line":421,"column":4}},"167":{"start":{"line":271,"column":25},"end":{"line":271,"column":53}},"168":{"start":{"line":286,"column":14},"end":{"line":299,"column":20}},"169":{"start":{"line":290,"column":35},"end":{"line":290,"column":101}},"170":{"start":{"line":294,"column":20},"end":{"line":296,"column":29}},"171":{"start":{"line":357,"column":14},"end":{"line":363,"column":20}},"172":{"start":{"line":408,"column":14},"end":{"line":415,"column":20}}},"fnMap":{"0":{"name":"SecurityRadarChart","decl":{"start":{"line":3,"column":24},"end":{"line":3,"column":42}},"loc":{"start":{"line":3,"column":85},"end":{"line":422,"column":1}},"line":3},"1":{"name":"(anonymous_1)","decl":{"start":{"line":15,"column":27},"end":{"line":15,"column":28}},"loc":{"start":{"line":15,"column":33},"end":{"line":28,"column":3}},"line":15},"2":{"name":"(anonymous_2)","decl":{"start":{"line":32,"column":12},"end":{"line":32,"column":13}},"loc":{"start":{"line":32,"column":18},"end":{"line":53,"column":3}},"line":32},"3":{"name":"(anonymous_3)","decl":{"start":{"line":40,"column":20},"end":{"line":40,"column":21}},"loc":{"start":{"line":40,"column":26},"end":{"line":50,"column":5}},"line":40},"4":{"name":"(anonymous_4)","decl":{"start":{"line":55,"column":20},"end":{"line":55,"column":21}},"loc":{"start":{"line":55,"column":54},"end":{"line":206,"column":3}},"line":55},"5":{"name":"(anonymous_5)","decl":{"start":{"line":75,"column":27},"end":{"line":75,"column":28}},"loc":{"start":{"line":75,"column":37},"end":{"line":85,"column":7}},"line":75},"6":{"name":"(anonymous_6)","decl":{"start":{"line":93,"column":25},"end":{"line":93,"column":26}},"loc":{"start":{"line":93,"column":40},"end":{"line":111,"column":5}},"line":93},"7":{"name":"(anonymous_7)","decl":{"start":{"line":115,"column":25},"end":{"line":115,"column":26}},"loc":{"start":{"line":115,"column":40},"end":{"line":127,"column":5}},"line":115},"8":{"name":"(anonymous_8)","decl":{"start":{"line":144,"column":25},"end":{"line":144,"column":26}},"loc":{"start":{"line":144,"column":40},"end":{"line":180,"column":5}},"line":144},"9":{"name":"(anonymous_9)","decl":{"start":{"line":186,"column":25},"end":{"line":186,"column":26}},"loc":{"start":{"line":186,"column":40},"end":{"line":205,"column":5}},"line":186},"10":{"name":"(anonymous_10)","decl":{"start":{"line":208,"column":26},"end":{"line":208,"column":27}},"loc":{"start":{"line":208,"column":33},"end":{"line":236,"column":3}},"line":208},"11":{"name":"(anonymous_11)","decl":{"start":{"line":223,"column":25},"end":{"line":223,"column":26}},"loc":{"start":{"line":223,"column":40},"end":{"line":233,"column":5}},"line":223},"12":{"name":"(anonymous_12)","decl":{"start":{"line":238,"column":27},"end":{"line":238,"column":28}},"loc":{"start":{"line":238,"column":33},"end":{"line":240,"column":3}},"line":238},"13":{"name":"(anonymous_13)","decl":{"start":{"line":242,"column":24},"end":{"line":242,"column":25}},"loc":{"start":{"line":242,"column":35},"end":{"line":248,"column":3}},"line":242},"14":{"name":"(anonymous_14)","decl":{"start":{"line":250,"column":27},"end":{"line":250,"column":28}},"loc":{"start":{"line":250,"column":41},"end":{"line":258,"column":3}},"line":250},"15":{"name":"(anonymous_15)","decl":{"start":{"line":271,"column":19},"end":{"line":271,"column":20}},"loc":{"start":{"line":271,"column":25},"end":{"line":271,"column":53}},"line":271},"16":{"name":"(anonymous_16)","decl":{"start":{"line":285,"column":47},"end":{"line":285,"column":48}},"loc":{"start":{"line":286,"column":14},"end":{"line":299,"column":20}},"line":286},"17":{"name":"(anonymous_17)","decl":{"start":{"line":290,"column":28},"end":{"line":290,"column":29}},"loc":{"start":{"line":290,"column":35},"end":{"line":290,"column":101}},"line":290},"18":{"name":"(anonymous_18)","decl":{"start":{"line":293,"column":31},"end":{"line":293,"column":32}},"loc":{"start":{"line":294,"column":20},"end":{"line":296,"column":29}},"line":294},"19":{"name":"(anonymous_19)","decl":{"start":{"line":356,"column":18},"end":{"line":356,"column":19}},"loc":{"start":{"line":357,"column":14},"end":{"line":363,"column":20}},"line":357},"20":{"name":"(anonymous_20)","decl":{"start":{"line":407,"column":41},"end":{"line":407,"column":42}},"loc":{"start":{"line":408,"column":14},"end":{"line":415,"column":20}},"line":408}},"branchMap":{"0":{"loc":{"start":{"line":3,"column":71},"end":{"line":3,"column":81}},"type":"default-arg","locations":[{"start":{"line":3,"column":78},"end":{"line":3,"column":81}}],"line":3},"1":{"loc":{"start":{"line":19,"column":67},"end":{"line":19,"column":82}},"type":"binary-expr","locations":[{"start":{"line":19,"column":67},"end":{"line":19,"column":77}},{"start":{"line":19,"column
[...]
":100,"column":3}},"loc":{"start":{"line":100,"column":55},"end":{"line":115,"column":3}},"line":100},"8":{"name":"(anonymous_8)","decl":{"start":{"line":118,"column":2},"end":{"line":118,"column":3}},"loc":{"start":{"line":118,"column":61},"end":{"line":137,"column":3}},"line":118},"9":{"name":"(anonymous_9)","decl":{"start":{"line":140,"column":2},"end":{"line":140,"column":3}},"loc":{"start":{"line":140,"column":25},"end":{"line":161,"column":3}},"line":140},"10":{"name":"(anonymous_10)","decl":{"start":{"line":164,"column":2},"end":{"line":164,"column":3}},"loc":{"start":{"line":164,"column":27},"end":{"line":174,"column":3}},"line":164},"11":{"name":"(anonymous_11)","decl":{"start":{"line":177,"column":2},"end":{"line":177,"column":3}},"loc":{"start":{"line":177,"column":29},"end":{"line":191,"column":3}},"line":177},"12":{"name":"(anonymous_12)","decl":{"start":{"line":194,"column":2},"end":{"line":194,"column":3}},"loc":{"start":{"line":194,"column":15},"end":{"line":204,"column":3}},"line":194},"13":{"name":"(anonymous_13)","decl":{"start":{"line":199,"column":37},"end":{"line":199,"column":38}},"loc":{"start":{"line":199,"column":53},"end":{"line":202,"column":7}},"line":199},"14":{"name":"(anonymous_14)","decl":{"start":{"line":207,"column":2},"end":{"line":207,"column":3}},"loc":{"start":{"line":207,"column":16},"end":{"line":209,"column":3}},"line":207},"15":{"name":"(anonymous_15)","decl":{"start":{"line":212,"column":2},"end":{"line":212,"column":3}},"loc":{"start":{"line":212,"column":17},"end":{"line":214,"column":3}},"line":212}},"branchMap":{"0":{"loc":{"start":{"line":13,"column":4},"end":{"line":16,"column":5}},"type":"if","locations":[{"start":{"line":13,"column":4},"end":{"line":16,"column":5}},{"start":{},"end":{}}],"line":13},"1":{"loc":{"start":{"line":23,"column":4},"end":{"line":26,"column":5}},"type":"if","locations":[{"start":{"line":23,"column":4},"end":{"line":26,"column":5}},{"start":{},"end":{}}],"line":23},"2":{"loc":{"start":{"line":36,"column":26},"end":{"line":36,"column":41}},"type":"default-arg","locations":[{"start":{"line":36,"column":39},"end":{"line":36,"column":41}}],"line":36},"3":{"loc":{"start":{"line":37,"column":4},"end":{"line":37,"column":30}},"type":"if","locations":[{"start":{"line":37,"column":4},"end":{"line":37,"column":30}},{"start":{},"end":{}}],"line":37},"4":{"loc":{"start":{"line":58,"column":26},"end":{"line":58,"column":41}},"type":"default-arg","locations":[{"start":{"line":58,"column":39},"end":{"line":58,"column":41}}],"line":58},"5":{"loc":{"start":{"line":59,"column":4},"end":{"line":59,"column":30}},"type":"if","locations":[{"start":{"line":59,"column":4},"end":{"line":59,"column":30}},{"start":{},"end":{}}],"line":59},"6":{"loc":{"start":{"line":79,"column":20},"end":{"line":79,"column":32}},"type":"default-arg","locations":[{"start":{"line":79,"column":30},"end":{"line":79,"column":32}}],"line":79},"7":{"loc":{"start":{"line":80,"column":4},"end":{"line":80,"column":30}},"type":"if","locations":[{"start":{"line":80,"column":4},"end":{"line":80,"column":30}},{"start":{},"end":{}}],"line":80},"8":{"loc":{"start":{"line":84,"column":13},"end":{"line":84,"column":35}},"type":"binary-expr","locations":[{"start":{"line":84,"column":13},"end":{"line":84,"column":26}},{"start":{"line":84,"column":30},"end":{"line":84,"column":35}}],"line":84},"9":{"loc":{"start":{"line":100,"column":38},"end":{"line":100,"column":53}},"type":"default-arg","locations":[{"start":{"line":100,"column":51},"end":{"line":100,"column":53}}],"line":100},"10":{"loc":{"start":{"line":101,"column":4},"end":{"line":101,"column":30}},"type":"if","locations":[{"start":{"line":101,"column":4},"end":{"line":101,"column":30}},{"start":{},"end":{}}],"line":101},"11":{"loc":{"start":{"line":118,"column":44},"end":{"line":118,"column":59}},"type":"default-arg","locations":[{"start":{"line":118,"column":57},"end":{"line":118,"column":59}}],"line":118},"12":{"loc":{"start":{"line":119,"column":4},"end":{"line":119,"column":30}},"type":"if","locations":[{"start":{"line":119,"column":4},"end":{"line":119,"column":30}},{"start":{},"end":{}}],"line":119},"13":{"loc":{"start":{"line":131,"column":16},"end":{"line":131,"column":42}},"type":"binary-expr","locations":[{"start":{"line":131,"column":16},"end":{"line":131,"column":33}},{"start":{"line":131,"column":37},"end":{"line":131,"column":42}}],"line":131},"14":{"loc":{"start":{"line":141,"column":4},"end":{"line":141,"column":30}},"type":"if","locations":[{"start":{"line":141,"column":4},"end":{"line":141,"column":30}},{"start":{},"end":{}}],"line":141},"15":{"loc":{"start":{"line":153,"column":6},"end":{"line":155,"column":7}},"type":"if","locations":[{"start":{"line":153,"column":6},"end":{"line":155,"column":7}},{"start":{},"end":{}}],"line":153},"16":{"loc":{"start":{"line":165,"column":35},"end":{"line":165,"column":88}},"type":"binary-expr","locations":[{"start":{"line":165,"column":35},"end":{"line":165,"column":80}},{"start":{"line":165,"column":84},"end":{"line":165,"column":88}}],"line":165},"17":{"loc":{"start":{"line":169,"column":4},"end":{"line":171,"column":5}},"type":"if","locations":[{"start":{"line":169,"column":4},"end":{"line":171,"column":5}},{"start":{},"end":{}}],"line":169},"18":{"loc":{"start":{"line":178,"column":37},"end":{"line":178,"column":90}},"type":"binary-expr","locations":[{"start":{"line":178,"column":37},"end":{"line":178,"column":82}},{"start":{"line":178,"column":86},"end":{"line":178,"column":90}}],"line":178},"19":{"loc":{"start":{"line":200,"column":27},"end":{"line":200,"column":47}},"type":"binary-expr","locations":[{"start":{"line":200,"column":27},"end":{"line":200,"column":42}},{"start":{"line":200,"column":46},"end":{"line":200,"column":47}}],"line":200}},"s":{"0":0,"1":0,"2":0,"3":0,"4":0,"5":0,"6":0,"7":0,"8":0,"9":0,"10":0,"11":0,"12":0,"13":0,"14":0,"15":0,"16":0,"17":0,"18":0,"19":0,"20":0,"21":0,"22":0,"23":0,"24":0,"25":0,"26":0,"27":0,"28":0,"29":0,"30":0,"31":0,"32":0,"33":0,"34":0,"35":0,"36":0,"37":0,"38":0,"39":0,"40":0,"41":0,"42":0,"43":0,"44":0,"45":0,"46":0,"47":0,"48":0,"49":0,"50":0,"51":0,"52":0,"53":0,"54":0,"55":0,"56":0,"57":0,"58":0,"59":0,"60":0,"61":0,"62":0,"63":0,"64":0,"65":0},"f":{"0":0,"1":0,"2":0,"3":0,"4":0,"5":0,"6":0,"7":0,"8":0,"9":0,"10":0,"11":0,"12":0,"13":0,"14":0,"15":0},"b":{"0":[0,0],"1":[0,0],"2":[0],"3":[0,0],"4":[0],"5":[0,0],"6":[0],"7":[0,0],"8":[0,0],"9":[0],"10":[0,0],"11":[0],"12":[0,0],"13":[0,0],"14":[0,0],"15":[0,0],"16":[0,0],"17":[0,0],"18":[0,0],"19":[0,0]}}
,"/nas/Temp/repos/Atheon-Scanner/web-app/src/services/api.js": {"path":"/nas/Temp/repos/Atheon-Scanner/web-app/src/services/api.js","statementMap":{"0":{"start":{"line":2,"column":21},"end":{"line":2,"column":55}},"1":{"start":{"line":6,"column":16},"end":{"line":6,"column":44}},"2":{"start":{"line":7,"column":19},"end":{"line":13,"column":5}},"3":{"start":{"line":15,"column":4},"end":{"line":35,"column":5}},"4":{"start":{"line":16,"column":23},"end":{"line":16,"column":47}},"5":{"start":{"line":19,"column":6},"end":{"line":21,"column":7}},"6":{"start":{"line":20,"column":8},"end":{"line":20,"column":75}},"7":{"start":{"line":24,"column":26},"end":{"line":24,"column":62}},"8":{"start":{"line":25,"column":6},"end":{"line":27,"column":7}},"9":{"start":{"line":26,"column":8},"end":{"line":26,"column":90}},"10":{"start":{"line":29,"column":19},"end":{"line":29,"column":40}},"11":{"start":{"line":31,"column":6},"end":{"line":31,"column":37}},"12":{"start":{"line":33,"column":6},"end":{"line":33,"column":41}},"13":{"start":{"line":34,"column":6},"end":{"line":34,"column":54}},"14":{"start":{"line":40,"column":4},"end":{"line":43,"column":7}},"15":{"start":{"line":47,"column":4},"end":{"line":47,"column":54}},"16":{"start":{"line":51,"column":4},"end":{"line":51,"column":54}},"17":{"start":{"line":56,"column":19},"end":{"line":56,"column":47}},"18":{"start":{"line":57,"column":4},"end":{"line":57,"column":50}},"19":{"start":{"line":61,"column":4},"end":{"line":61,"column":52}},"20":{"start":{"line":65,"column":4},"end":{"line":65,"column":78}},"21":{"start":{"line":69,"column":4},"end":{"line":72,"column":7}},"22":{"start":{"line":77,"column":4},"end":{"line":77,"column":38}},"23":{"start":{"line":81,"column":19},"end":{"line":81,"column":47}},"24":{"start":{"line":82,"column":4},"end":{"line":82,"column":51}},"25":{"start":{"line":87,"column":4},"end":{"line":87,"column":70}},"26":{"start":{"line":92,"column":4},"end":{"line":92,"column":43}},"27":{"start":{"line":96,"column":19},"end":{"line":96,"column":47}},"28":{"start":{"line":97,"column":4},"end":{"line":97,"column":73}},"29":{"start":{"line":102,"column":4},"end":{"line":102,"column":42}},"30":{"start":{"line":106,"column":19},"end":{"line":106,"column":47}},"31":{"start":{"line":107,"column":4},"end":{"line":107,"column":72}},"32":{"start":{"line":112,"column":4},"end":{"line":112,"column":39}},"33":{"start":{"line":117,"column":4},"end":{"line":117,"column":43}},"34":{"start":{"line":122,"column":26},"end":{"line":122,"column":42}}},"fnMap":{"0":{"name":"(anonymous_0)","decl":{"start":{"line":5,"column":2},"end":{"line":5,"column":3}},"loc":{"start":{"line":5,"column":40},"end":{"line":36,"column":3}},"line":5},"1":{"name":"(anonymous_1)","decl":{"start":{"line":39,"column":2},"end":{"line":39,"column":3}},"loc":{"start":{"line":39,"column":33},"end":{"line":44,"column":3}},"line":39},"2":{"name":"(anonymous_2)","decl":{"start":{"line":46,"column":2},"end":{"line":46,"column":3}},"loc":{"start":{"line":46,"column":30},"end":{"line":48,"column":3}},"line":46},"3":{"name":"(anonymous_3)","decl":{"start":{"line":50,"column":2},"end":{"line":50,"column":3}},"loc":{"start":{"line":50,"column":30},"end":{"line":52,"column":3}},"line":50},"4":{"name":"(anonymous_4)","decl":{"start":{"line":55,"column":2},"end":{"line":55,"column":3}},"loc":{"start":{"line":55,"column":33},"end":{"line":58,"column":3}},"line":55},"5":{"name":"(anonymous_5)","decl":{"start":{"line":60,"column":2},"end":{"line":60,"column":3}},"loc":{"start":{"line":60,"column":32},"end":{"line":62,"column":3}},"line":60},"6":{"name":"(anonymous_6)","decl":{"start":{"line":64,"column":2},"end":{"line":64,"column":3}},"loc":{"start":{"line":64,"column":50},"end":{"line":66,"column":3}},"line":64},"7":{"name":"(anonymous_7)","decl":{"start":{"line":68,"column":2},"end":{"line":68,"column":3}},"loc":{"start":{"line":68,"column":34},"end":{"line":73,"column":3}},"line":68},"8":{"name":"(anonymous_8)","decl":{"start":{"line":76,"column":2},"end":{"line":76,"column":3}},"loc":{"start":{"line":76,"column":19},"end":{"line":78,"column":3}},"line":76},"9":{"name":"(anonymous_9)","decl":{"start":{"line":80,"column":2},"end":{"line":80,"column":3}},"loc":{"start":{"line":80,"column":34},"end":{"line":83,"column":3}},"line":80},"10":{"name":"(anonymous_10)","decl":{"start":{"line":86,"column":2},"end":{"line":86,"column":3}},"loc":{"start":{"line":86,"column":34},"end":{"line":88,"column":3}},"line":86},"11":{"name":"(anonymous_11)","decl":{"start":{"line":91,"column":2},"end":{"line":91,"column":3}},"loc":{"start":{"line":91,"column":24},"end":{"line":93,"column":3}},"line":91},"12":{"name":"(anonymous_12)","decl":{"start":{"line":95,"column":2},"end":{"line":95,"column":3}},"loc":{"start":{"line":95,"column":53},"end":{"line":98,"column":3}},"line":95},"13":{"name":"(anonymous_13)","decl":{"start":{"line":101,"column":2},"end":{"line":101,"column":3}},"loc":{"start":{"line":101,"column":23},"end":{"line":103,"column":3}},"line":101},"14":{"name":"(anonymous_14)","decl":{"start":{"line":105,"column":2},"end":{"line":105,"column":3}},"loc":{"start":{"line":105,"column":53},"end":{"line":108,"column":3}},"line":105},"15":{"name":"(anonymous_15)","decl":{"start":{"line":111,"column":2},"end":{"line":111,"column":3}},"loc":{"start":{"line":111,"column":22},"end":{"line":113,"column":3}},"line":111},"16":{"name":"(anonymous_16)","decl":{"start":{"line":116,"column":2},"end":{"line":116,"column":3}},"loc":{"start":{"line":116,"column":23},"end":{"line":118,"column":3}},"line":116}},"branchMap":{"0":{"loc":{"start":{"line":2,"column":21},"end":{"line":2,"column":55}},"type":"binary-expr","locations":[{"start":{"line":2,"column":21},"end":{"line":2,"column":49}},{"start":{"line":2,"column":53},"end":{"line":2,"column":55}}],"line":2},"1":{"loc":{"start":{"line":5,"column":26},"end":{"line":5,"column":38}},"type":"default-arg","locations":[{"start":{"line":5,"column":36},"end":{"line":5,"column":38}}],"line":5},"2":{"loc":{"start":{"line":19,"column":6},"end":{"line":21,"column":7}},"type":"if","locations":[{"start":{"line":19,"column":6},"end":{"line":21,"column":7}},{"start":{},"end":{}}],"line":19},"3":{"loc":{"start":{"line":25,"column":6},"end":{"line":27,"column":7}},"type":"if","locations":[{"start":{"line":25,"column":6},"end":{"line":27,"column":7}},{"start":{},"end":{}}],"line":25},"4":{"loc":{"start":{"line":25,"column":10},"end":{"line":25,"column":67}},"type":"binary-expr","locations":[{"start":{"line":25,"column":10},"end":{"line":25,"column":22}},{"start":{"line":25,"column":26},"end":{"line":25,"column":67}}],"line":25},"5":{"loc":{"start":{"line":55,"column":19},"end":{"line":55,"column":31}},"type":"default-arg","locations":[{"start":{"line":55,"column":29},"end":{"line":55,"column":31}}],"line":55},"6":{"loc":{"start":{"line":64,"column":33},"end":{"line":64,"column":48}},"type":"default-arg","locations":[{"start":{"line":64,"column":42},"end":{"line":64,"column":48}}],"line":64},"7":{"loc":{"start":{"line":80,"column":20},"end":{"line":80,"column":32}},"type":"default-arg","locations":[{"start":{"line":80,"column":30},"end":{"line":80,"column":32}}],"line":80},"8":{"loc":{"start":{"line":95,"column":39},"end":{"line":95,"column":51}},"type":"default-arg","locations":[{"start":{"line":95,"column":49},"end":{"line":95,"column":51}}],"line":95},"9":{"loc":{"start":{"line":105,"column":39},"end":{"line":105,"column":51}},"type":"default-arg","locations":[{"start":{"line":105,"column":49},"end":{"line":105,"column":51}}],"line":105}},"s":{"0":0,"1":0,"2":0,"3":0,"4":0,"5":0,"6":0,"7":0,"8":0,"9":0,"10":0,"11":0,"12":0,"13":0,"14":0,"15":0,"16":0,"17":0,"18":0,"19":0,"20":0,"21":0,"22":0,"23":0,"24":0,"25":0,"26":0,"27":0,"28":0,"29":0,"30":0,"31":0,"32":0,"33":0,"34":0},"f":{"0":0,"1":0,"2":0,"3":0,"4":0,"5":0,"6":0,"7":0,"8":0,"9":0,"10":0,"11":0,"12":0,"13":0,"14":0,"15":0,"16":0},"b":{"0":[0,0],"1":[0],"2":[0,0],"3":[0,0],"4":[0,0],"5":[0],"6":[0],"7":[0],"8":[0],"9":[0]}}
,"/nas/Temp/repos/Atheon-Scanner/web-app/src/services/mockData.js": {"path":"/nas/Temp/repos/Atheon-Scanner/web-app/src/services/mockData.js","statementMap":{"0":{"start":{"line":4,"column":27},"end":{"line":142,"column":1}},"1":{"start":{"line":144,"column":25},"end":{"line":217,"column":1}},"2":{"start":{"line":219,"column":30},"end":{"line":221,"column":1}},"3":{"start":{"line":223,"column":29},"end":{"line":227,"column":1}},"4":{"start":{"line":229,"column":28},"end":{"line":229,"column":30}},"5":{"start":{"line":232,"column":31},"end":{"line":236,"column":1}},"6":{"start":{"line":233,"column":2},"end":{"line":235,"column":5}},"7":{"start":{"line":234,"column":4},"end":{"line":234,"column":62}},"8":{"start":{"line":234,"column":21},"end":{"line":234,"column":53}},"9":{"start":{"line":239,"column":29},"end":{"line":248,"column":1}},"10":{"start":{"line":240,"column":2},"end":{"line":247,"column":5}},"11":{"start":{"line":241,"column":4},"end":{"line":241,"column":79}},"12":{"start":{"line":241,"column":66},"end":{"line":241,"column":79}},"13":{"start":{"line":242,"column":4},"end":{"line":242,"column":67}},"14":{"start":{"line":242,"column":54},"end":{"line":242,"column":67}},"15":{"start":{"line":243,"column":4},"end":{"line":243,"column":79}},"16":{"start":{"line":243,"column":66},"end":{"line":243,"column":79}},"17":{"start":{"line":244,"column":4},"end":{"line":244,"column":82}},"18":{"start":{"line":244,"column":69},"end":{"line":244,"column":82}},"19":{"start":{"line":245,"column":4},"end":{"line":245,"column":111}},"20":{"start":{"line":245,"column":98},"end":{"line":245,"column":111}},"21":{"start":{"line":246,"column":4},"end":{"line":246,"column":16}}},"fnMap":{"0":{"name":"(anonymous_0)","decl":{"start":{"line":232,"column":31},"end":{"line":232,"column":32}},"loc":{"start":{"line":232,"column":54},"end":{"line":236,"column":1}},"line":232},"1":{"name":"(anonymous_1)","decl":{"start":{"line":233,"column":21},"end":{"line":233,"column":22}},"loc":{"start":{"line":233,"column":34},"end":{"line":235,"column":3}},"line":233},"2":{"name":"(anonymous_2)","decl":{"start":{"line":234,"column":15},"end":{"line":234,"column":16}},"loc":{"start":{"line":234,"column":21},"end":{"line":234,"column":53}},"line":234},"3":{"name":"(anonymous_3)","decl":{"start":{"line":239,"column":29},"end":{"line":239,"column":30}},"loc":{"start":{"line":239,"column":51},"end":{"line":248,"column":1}},"line":239},"4":{"name":"(anonymous_4)","decl":{"start":{"line":240,"column":24},"end":{"line":240,"column":25}},"loc":{"start":{"line":240,"column":34},"end":{"line":247,"column":3}},"line":240}},"branchMap":{"0":{"loc":{"start":{"line":232,"column":38},"end":{"line":232,"column":49}},"type":"default-arg","locations":[{"start":{"line":232,"column":46},"end":{"line":232,"column":49}}],"line":232},"1":{"loc":{"start":{"line":241,"column":4},"end":{"line":241,"column":79}},"type":"if","locations":[{"start":{"line":241,"column":4},"end":{"line":241,"column":79}},{"start":{},"end":{}}],"line":241},"2":{"loc":{"start":{"line":241,"column":8},"end":{"line":241,"column":64}},"type":"binary-expr","locations":[{"start":{"line":241,"column":8},"end":{"line":241,"column":24}},{"start":{"line":241,"column":28},"end":{"line":241,"column":64}}],"line":241},"3":{"loc":{"start":{"line":242,"column":4},"end":{"line":242,"column":67}},"type":"if","locations":[{"start":{"line":242,"column":4},"end":{"line":242,"column":67}},{"start":{},"end":{}}],"line":242},"4":{"loc":{"start":{"line":242,"column":8},"end":{"line":242,"column":52}},"type":"binary-expr","locations":[{"start":{"line":242,"column":8},"end":{"line":242,"column":20}},{"start":{"line":242,"column":24},"end":{"line":242,"column":52}}],"line":242},"5":{"loc":{"start":{"line":243,"column":4},"end":{"line":243,"column":79}},"type":"if","locations":[{"start":{"line":243,"column":4},"end":{"line":243,"column":79}},{"start":{},"end":{}}],"line":243},"6":{"loc":{"start":{"line":243,"column":8},"end":{"line":243,"column":64}},"type":"binary-expr","locations":[{"start":{"line":243,"column":8},"end":{"line":243,"column":24}},{"start":{"line":243,"column":28},"end":{"line":243,"column":64}}],"line":243},"7":{"loc":{"start":{"line":244,"column":4},"end":{"line":244,"column":82}},"type":"if","locations":[{"start":{"line":244,"column":4},"end":{"line":244,"column":82}},{"start":{},"end":{}}],"line":244},"8":{"loc":{"start":{"line":244,"column":8},"end":{"line":244,"column":67}},"type":"binary-expr","locations":[{"start":{"line":244,"column":8},"end":{"line":244,"column":24}},{"start":{"line":244,"column":28},"end":{"line":244,"column":67}}],"line":244},"9":{"loc":{"start":{"line":245,"column":4},"end":{"line":245,"column":111}},"type":"if","locations":[{"start":{"line":245,"column":4},"end":{"line":245,"column":111}},{"start":{},"end":{}}],"line":245},"10":{"loc":{"start":{"line":245,"column":8},"end":{"line":245,"column":96}},"type":"binary-expr","locations":[{"start":{"line":245,"column":8},"end":{"line":245,"column":22}},{"start":{"line":245,"column":26},"end":{"line":245,"column":96}}],"line":245}},"s":{"0":0,"1":0,"2":0,"3":0,"4":0,"5":0,"6":0,"7":0,"8":0,"9":0,"10":0,"11":0,"12":0,"13":0,"14":0,"15":0,"16":0,"17":0,"18":0,"19":0,"20":0,"21":0},"f":{"0":0,"1":0,"2":0,"3":0,"4":0},"b":{"0":[0],"1":[0,0],"2":[0,0],"3":[0,0],"4":[0,0],"5":[0,0],"6":[0,0],"7":[0,0],"8":[0,0],"9":[0,0],"10":[0,0]}}
}
